# callgrind format
version: 1
creator: callgrind-3.19.0
pid: 3436270
cmd:  ./profile-results-compact/valgrind-bin/mapper.portable -I ./genome.compact.idx -i ./profile-results-compact/reads_subset.fastq -o ./profile-results-compact/callgrind/mapper.sam -k 1
part: 1


desc: I1 cache: 
desc: D1 cache: 
desc: LL cache: 

desc: Timerange: Basic block 0 - 555771
desc: Trigger: Program termination

positions: line
events: Ir
summary: 3391748


ob=(5) /usr/libexec/valgrind/vgpreload_core-amd64-linux.so
fl=(87) ???
fn=(468) 0x0000000000001140
0 12

ob=(7) /usr/lib64/libstdc++.so.6.0.29
fl=(89) ???
fn=(1010) std::locale::facet::_S_create_c_locale(__locale_struct*&, char const*, __locale_struct*)
0 5
cob=(2) ???
cfi=(51) ???
cfn=(1012) 0x00000000048ed1d0
calls=1 0 
0 48
0 5

fn=(1100) std::__cxx11::numpunct<wchar_t>::_M_initialize_numpunct(__locale_struct*)
0 350

fn=(1122) 0x00000000000dbf60
0 23
cob=(2)
cfi=(51)
cfn=(1124) 0x00000000048ec460
calls=1 0 
0 416
0 8
cob=(2)
cfi=(51)
cfn=(1022) 0x00000000048ec540
calls=1 0 
0 17
0 7
cob=(2)
cfi=(51)
cfn=(1002) 0x00000000048ee130
calls=1 0 
0 19
0 7
cob=(2)
cfi=(51)
cfn=(1022)
calls=1 0 
0 17
0 12
cob=(2)
cfi=(51)
cfn=(1140) 0x00000000048eb7a0
calls=1 0 
0 115
0 7
cob=(2)
cfi=(51)
cfn=(1022)
calls=1 0 
0 17
0 13
cob=(2)
cfi=(51)
cfn=(1150) 0x00000000048eed70
calls=1 0 
0 115
0 7
cob=(2)
cfi=(51)
cfn=(1022)
calls=1 0 
0 17
0 12
cob=(2)
cfi=(51)
cfn=(1022)
calls=1 0 
0 17
0 12
cob=(2)
cfi=(51)
cfn=(1022)
calls=1 0 
0 17
0 12
cob=(2)
cfi=(51)
cfn=(1022)
calls=1 0 
0 17
0 6
cob=(2)
cfi=(51)
cfn=(1172) 0x00000000048ef220
calls=1 0 
0 46
0 7
cob=(2)
cfi=(51)
cfn=(1022)
calls=1 0 
0 17
0 17
cob=(2)
cfi=(51)
cfn=(1182) 0x00000000048ecdd0
calls=1 0 
0 352
0 6
cob=(2)
cfi=(51)
cfn=(1022)
calls=1 0 
0 17
0 6
cob=(2)
cfi=(51)
cfn=(1002)
calls=1 0 
0 19
0 7
cob=(2)
cfi=(51)
cfn=(1022)
calls=1 0 
0 17
0 13
cob=(2)
cfi=(51)
cfn=(1198) 0x00000000048ed450
calls=1 0 
0 111
0 6
cob=(2)
cfi=(51)
cfn=(1022)
calls=1 0 
0 17
0 12
cob=(2)
cfi=(51)
cfn=(1208) 0x00000000048edfd0
calls=1 0 
0 111
0 8
cob=(2)
cfi=(51)
cfn=(1022)
calls=1 0 
0 17
0 12
cob=(2)
cfi=(51)
cfn=(1022)
calls=1 0 
0 17
0 12
cob=(2)
cfi=(51)
cfn=(1022)
calls=1 0 
0 17
0 12
cob=(2)
cfi=(51)
cfn=(1022)
calls=1 0 
0 17
0 6
cob=(2)
cfi=(51)
cfn=(1230) 0x00000000048ed9a0
calls=1 0 
0 46
0 6
cob=(2)
cfi=(51)
cfn=(1022)
calls=1 0 
0 17
0 4
cob=(2)
cfi=(51)
cfn=(1022)
calls=1 0 
0 8
0 4
cob=(2)
cfi=(51)
cfn=(1022)
calls=1 0 
0 8
0 4
cob=(2)
cfi=(51)
cfn=(1022)
calls=1 0 
0 8
0 5
cob=(2)
cfi=(51)
cfn=(1022)
calls=1 0 
0 8
0 5
cob=(2)
cfi=(51)
cfn=(1022)
calls=1 0 
0 8
0 5
cob=(2)
cfi=(51)
cfn=(1022)
calls=1 0 
0 8
0 10

fn=(1152) std::moneypunct<char, true>::_M_initialize_moneypunct(__locale_struct*, char const*)
0 113

fn=(1200) std::moneypunct<wchar_t, false>::_M_initialize_moneypunct(__locale_struct*, char const*)
0 109

fn=(1268) std::basic_ios<char, std::char_traits<char> >::init(std::basic_streambuf<char, std::char_traits<char> >*)
0 28
cob=(2)
cfi=(51)
cfn=(1270) 0x00000000048ee4a0
calls=4 0 
0 388
0 12
cob=(2)
cfi=(51)
cfn=(1282) 0x00000000048ee670
calls=4 0 
0 3548
0 52

fn=(1340) bool std::has_facet<std::num_put<wchar_t, std::ostreambuf_iterator<wchar_t, std::char_traits<wchar_t> > > >(std::locale const&)
0 20
cob=(2)
cfi=(51)
cfn=(1022)
calls=4 0 
0 32
0 48
cob=(2)
cfi=(51)
cfn=(1290) 0x00000000048ee060
calls=4 0 
0 376
0 20

fn=(1402) std::__cxx11::basic_string<char, std::char_traits<char>, std::allocator<char> >::_M_mutate(unsigned long, unsigned long, char const*, unsigned long)
0 90
cob=(2)
cfi=(51)
cfn=(1404) 0x00000000048ed550
calls=3 0 
0 679
0 39
cob=(2)
cfi=(51)
cfn=(1412) 0x00000000048eef70
calls=3 0 
0 41
0 66

fn=(754) std::error_category::error_category()
0 10

fn=(834) 0x00000000000a9d30
0 7
cob=(2)
cfi=(51)
cfn=(758) 0x00000000048ec330
calls=1 0 
0 81
0 5
cob=(2)
cfi=(51)
cfn=(758)
calls=1 0 
0 81

fn=(1036) std::__cxx11::moneypunct<char, false>::_M_initialize_moneypunct(__locale_struct*, char const*)
0 113

fn=(1112) std::__timepunct<wchar_t>::__timepunct(std::__timepunct_cache<wchar_t>*, unsigned long)
0 15
cob=(2)
cfi=(51)
cfn=(994) 0x00000000048ec110
calls=1 0 
0 5
0 4
cob=(2)
cfi=(51)
cfn=(1114) 0x00000000048ed050
calls=1 0 
0 125
0 4

fn=(1174) std::messages<char>::messages(unsigned long)
0 13
cob=(2)
cfi=(51)
cfn=(1002)
calls=1 0 
0 19
0 2
cob=(2)
cfi=(51)
cfn=(994)
calls=1 0 
0 5
0 5

fn=(1184) std::numpunct<wchar_t>::_M_initialize_numpunct(__locale_struct*)
0 350

fn=(1232) std::messages<wchar_t>::messages(unsigned long)
0 13
cob=(2)
cfi=(51)
cfn=(1002)
calls=1 0 
0 19
0 2
cob=(2)
cfi=(51)
cfn=(994)
calls=1 0 
0 5
0 5

fn=(1264) std::ios_base::ios_base()
0 472
cob=(2)
cfi=(51)
cfn=(974) 0x00000000048ec610
calls=8 0 
0 296

fn=(1272) std::ios_base::_M_init()
0 112
cob=(2)
cfi=(51)
cfn=(974)
calls=8 0 
0 296
0 24
cob=(2)
cfi=(51)
cfn=(1274) 0x00000000048ed6f0
calls=8 0 
0 176
0 16
cob=(2)
cfi=(51)
cfn=(1278) 0x00000000048edbd0
calls=8 0 
0 80
0 56

fn=(1284) std::basic_ios<char, std::char_traits<char> >::_M_cache_locale(std::locale const&)
0 32
cob=(2)
cfi=(51)
cfn=(1286) 0x00000000048ef090
calls=4 0 
0 712
0 16
cob=(2)
cfi=(51)
cfn=(1300) 0x00000000048eb3c0
calls=4 0 
0 704
0 12
cob=(2)
cfi=(51)
cfn=(1304) 0x00000000048ee020
calls=4 0 
0 504
0 16
cob=(2)
cfi=(51)
cfn=(1310) 0x00000000048eb820
calls=4 0 
0 496
0 12
cob=(2)
cfi=(51)
cfn=(1314) 0x00000000048eb2d0
calls=4 0 
0 504
0 16
cob=(2)
cfi=(51)
cfn=(1318) 0x00000000048ec730
calls=4 0 
0 496
0 20

fn=(1306) bool std::has_facet<std::num_put<char, std::ostreambuf_iterator<char, std::char_traits<char> > > >(std::locale const&)
0 20
cob=(2)
cfi=(51)
cfn=(1022)
calls=4 0 
0 32
0 48
cob=(2)
cfi=(51)
cfn=(1290)
calls=4 0 
0 376
0 20

fn=(1320) std::num_get<char, std::istreambuf_iterator<char, std::char_traits<char> > > const& std::use_facet<std::num_get<char, std::istreambuf_iterator<char, std::char_traits<char> > > >(std::locale const&)
0 20
cob=(2)
cfi=(51)
cfn=(1022)
calls=4 0 
0 32
0 44
cob=(2)
cfi=(51)
cfn=(1290)
calls=4 0 
0 376
0 16

fn=(1328) std::basic_ios<wchar_t, std::char_traits<wchar_t> >::_M_cache_locale(std::locale const&)
0 32
cob=(2)
cfi=(51)
cfn=(1330) 0x00000000048ec0b0
calls=4 0 
0 504
0 16
cob=(2)
cfi=(51)
cfn=(1334) 0x00000000048eb330
calls=4 0 
0 496
0 12
cob=(2)
cfi=(51)
cfn=(1338) 0x00000000048ebc60
calls=4 0 
0 504
0 16
cob=(2)
cfi=(51)
cfn=(1342) 0x00000000048edd40
calls=4 0 
0 496
0 12
cob=(2)
cfi=(51)
cfn=(1346) 0x00000000048ed690
calls=4 0 
0 504
0 16
cob=(2)
cfi=(51)
cfn=(1350) 0x00000000048eea30
calls=4 0 
0 496
0 20

fn=(774) std::future_category()
0 3

fn=(778) 0x00000000000a9970
0 9
cob=(2)
cfi=(51)
cfn=(780) 0x00000000048ebf50
calls=1 0 
0 1639
0 8

fn=(838) 0x00000000000a9d70
0 5
cob=(2)
cfi=(51)
cfn=(758)
calls=1 0 
0 81

fn=(976) std::locale::locale()
0 154
cfn=(978) 0x00000000000c1cd0
calls=22 0 
0 39226
0 220

fn=(1024) std::locale::id::_M_id() const
0 1092

fn=(1060) std::ctype<wchar_t>::_M_initialize_ctype()
0 10
cob=(2)
cfi=(51)
cfn=(1062) 0x00000000048edd20
calls=1 0 
0 24
0 770
cob=(2)
cfi=(51)
cfn=(1066) 0x00000000048ecd70
calls=128 0 
0 3072
0 260
cob=(2)
cfi=(51)
cfn=(1070) 0x00000000048ee8b0
calls=1 0 
0 29
0 510
cob=(2)
cfi=(51)
cfn=(1070)
calls=255 0 
0 11875
0 1067
cob=(2)
cfi=(51)
cfn=(1078) 0x00000000048ecc60
calls=8 0 
0 1724
0 95
cob=(2)
cfi=(51)
cfn=(1078)
calls=4 0 
0 1736
0 19
cob=(2)
cfi=(51)
cfn=(1062)
calls=1 0 
0 24
0 2

fn=(1104) std::__cxx11::moneypunct<wchar_t, false>::_M_initialize_moneypunct(__locale_struct*, char const*)
0 109

fn=(1126) std::numpunct<char>::_M_initialize_numpunct(__locale_struct*)
0 414

fn=(1280) std::locale::~locale()
0 64

fn=(1294) __cxxabiv1::__vmi_class_type_info::__do_dyncast(long, __cxxabiv1::__class_type_info::__sub_kind, __cxxabiv1::__class_type_info const*, void const*, __cxxabiv1::__class_type_info const*, void const*, __cxxabiv1::__class_type_info::__dyncast_result&) const
0 480
cob=(2)
cfi=(51)
cfn=(1296) 0x00000000048ede70
calls=8 0 
0 176
0 56

fn=(1336) std::ctype<wchar_t> const& std::use_facet<std::ctype<wchar_t> >(std::locale const&)
0 20
cob=(2)
cfi=(51)
cfn=(1022)
calls=4 0 
0 32
0 44
cob=(2)
cfi=(51)
cfn=(1290)
calls=4 0 
0 376
0 16

fn=(1352) std::num_get<wchar_t, std::istreambuf_iterator<wchar_t, std::char_traits<wchar_t> > > const& std::use_facet<std::num_get<wchar_t, std::istreambuf_iterator<wchar_t, std::char_traits<wchar_t> > > >(std::locale const&)
0 20
cob=(2)
cfi=(51)
cfn=(1022)
calls=4 0 
0 32
0 44
cob=(2)
cfi=(51)
cfn=(1290)
calls=4 0 
0 376
0 16

fn=(804) 0x00000000000a99f0
0 74

fn=(1006) 0x00000000000bf6f0
0 5
cob=(2)
cfi=(51)
cfn=(1008) 0x00000000048ec220
calls=1 0 
0 60

fn=(1080) std::ctype<wchar_t>::_M_convert_to_wmask(unsigned short) const
0 84
cob=(2)
cfi=(51)
cfn=(1082) 0x00000000048ec2a0
calls=1 0 
0 612
0 24
cob=(2)
cfi=(51)
cfn=(1082)
calls=1 0 
0 392
0 7
cob=(2)
cfi=(51)
cfn=(1082)
calls=1 0 
0 502
0 9
cob=(2)
cfi=(51)
cfn=(1082)
calls=1 0 
0 202
0 3
cob=(2)
cfi=(51)
cfn=(1082)
calls=1 0 
0 257
0 3
cob=(2)
cfi=(51)
cfn=(1082)
calls=1 0 
0 92
0 3
cob=(2)
cfi=(51)
cfn=(1082)
calls=1 0 
0 557
0 3
cob=(2)
cfi=(51)
cfn=(1082)
calls=1 0 
0 192
0 3
cob=(2)
cfi=(51)
cfn=(1082)
calls=1 0 
0 337
0 7
cob=(2)
cfi=(51)
cfn=(1082)
calls=1 0 
0 147

fn=(1324) std::basic_ios<wchar_t, std::char_traits<wchar_t> >::init(std::basic_streambuf<wchar_t, std::char_traits<wchar_t> >*)
0 28
cob=(2)
cfi=(51)
cfn=(1270)
calls=4 0 
0 388
0 12
cob=(2)
cfi=(51)
cfn=(1326) 0x00000000048eef80
calls=4 0 
0 3132
0 52

fn=(750) 0x00000000000a98c0
0 9
cob=(2)
cfi=(51)
cfn=(752) 0x00000000048ecdf0
calls=1 0 
0 7
0 7
cob=(2)
cfi=(51)
cfn=(758)
calls=1 0 
0 77
0 3
cob=(2)
cfi=(51)
cfn=(752)
calls=1 0 
0 7
0 9
cob=(2)
cfi=(51)
cfn=(758)
calls=1 0 
0 81

fn=(876) 0x00000000000a9e90
0 50

fn=(928) 0x00000000000aa010
0 7
cob=(2)
cfi=(51)
cfn=(758)
calls=1 0 
0 81
0 4
cob=(2)
cfi=(51)
cfn=(758)
calls=1 0 
0 81
0 5
cob=(2)
cfi=(51)
cfn=(758)
calls=1 0 
0 81

fn=(972) std::ios_base::Init::Init()
0 32
cob=(2)
cfi=(51)
cfn=(974)
calls=1 0 
0 38867
0 16
cob=(2)
cfi=(51)
cfn=(974)
calls=1 0 
0 37
0 14
cob=(2)
cfi=(51)
cfn=(974)
calls=1 0 
0 37
0 7
cob=(2)
cfi=(51)
cfn=(1262) 0x00000000048ec030
calls=1 0 
0 98
0 15
cob=(2)
cfi=(51)
cfn=(1266) 0x00000000048ee3f0
calls=1 0 
0 1009
0 4
cob=(2)
cfi=(51)
cfn=(1262)
calls=1 0 
0 98
0 16
cob=(2)
cfi=(51)
cfn=(1266)
calls=1 0 
0 1009
0 4
cob=(2)
cfi=(51)
cfn=(1262)
calls=1 0 
0 98
0 14
cob=(2)
cfi=(51)
cfn=(1266)
calls=1 0 
0 1009
0 4
cob=(2)
cfi=(51)
cfn=(1262)
calls=1 0 
0 98
0 14
cob=(2)
cfi=(51)
cfn=(1266)
calls=1 0 
0 1009
0 16
cob=(2)
cfi=(51)
cfn=(974)
calls=1 0 
0 37
0 16
cob=(2)
cfi=(51)
cfn=(974)
calls=1 0 
0 37
0 14
cob=(2)
cfi=(51)
cfn=(974)
calls=1 0 
0 37
0 7
cob=(2)
cfi=(51)
cfn=(1262)
calls=1 0 
0 98
0 15
cob=(2)
cfi=(51)
cfn=(1322) 0x00000000048ed890
calls=1 0 
0 905
0 4
cob=(2)
cfi=(51)
cfn=(1262)
calls=1 0 
0 98
0 16
cob=(2)
cfi=(51)
cfn=(1322)
calls=1 0 
0 905
0 4
cob=(2)
cfi=(51)
cfn=(1262)
calls=1 0 
0 98
0 14
cob=(2)
cfi=(51)
cfn=(1322)
calls=1 0 
0 905
0 4
cob=(2)
cfi=(51)
cfn=(1262)
calls=1 0 
0 98
0 14
cob=(2)
cfi=(51)
cfn=(1322)
calls=1 0 
0 905
0 15

fn=(978)
0 110
cob=(2)
cfi=(51)
cfn=(980) 0x00000000048ec4b0
calls=22 0 
0 39006
0 110

fn=(1028) std::codecvt<char, char, __mbstate_t>::codecvt(unsigned long)
0 13
cob=(2)
cfi=(51)
cfn=(1002)
calls=1 0 
0 19
0 5

fn=(1048) std::__timepunct<char>::_M_initialize_timepunct(__locale_struct*)
0 11
cob=(2)
cfi=(51)
cfn=(1002)
calls=1 0 
0 19
0 95

fn=(1116) std::__timepunct<wchar_t>::_M_initialize_timepunct(__locale_struct*)
0 10
cob=(2)
cfi=(51)
cfn=(1002)
calls=1 0 
0 19
0 94

fn=(1120) std::__cxx11::messages<wchar_t>::messages(unsigned long)
0 13
cob=(2)
cfi=(51)
cfn=(1002)
calls=1 0 
0 19
0 2
cob=(2)
cfi=(51)
cfn=(994)
calls=1 0 
0 5
0 5

fn=(1256) std::locale::locale(std::locale::_Impl*)
0 3

fn=(1276) std::locale::operator=(std::locale const&)
0 160

fn=(1292) __dynamic_cast
0 1680
cfn=(1308) __cxxabiv1::__si_class_type_info::__do_dyncast(long, __cxxabiv1::__class_type_info::__sub_kind, __cxxabiv1::__class_type_info const*, void const*, __cxxabiv1::__class_type_info const*, void const*, __cxxabiv1::__class_type_info::__dyncast_result&) const
calls=40 0 
0 1480
cfn=(1294)
calls=8 0 
0 712
0 960

fn=(1308)
0 1480

fn=(1344) std::num_put<wchar_t, std::ostreambuf_iterator<wchar_t, std::char_traits<wchar_t> > > const& std::use_facet<std::num_put<wchar_t, std::ostreambuf_iterator<wchar_t, std::char_traits<wchar_t> > > >(std::locale const&)
0 20
cob=(2)
cfi=(51)
cfn=(1022)
calls=4 0 
0 32
0 44
cob=(2)
cfi=(51)
cfn=(1290)
calls=4 0 
0 376
0 16

fn=(1388) std::__cxx11::basic_string<char, std::char_traits<char>, std::allocator<char> >::compare(char const*) const
0 110
cob=(2)
cfi=(51)
cfn=(1390) 0x00000000048eca40
calls=10 0 
0 160
0 90
cob=(2)
cfi=(51)
cfn=(1392) 0x00000000048ee350
calls=10 0 
0 228
0 108

fn=(744) 0x00000000000aa120
0 12

fn=(858) 0x00000000000a9e10
0 34

fn=(902) 0x00000000000a9f50
0 50

fn=(988) 0x00000000000c1c90
0 6
cob=(2)
cfi=(51)
cfn=(990) 0x00000000048ec140
calls=1 0 
0 38744
0 8
cob=(2)
cfi=(51)
cfn=(1254) 0x00000000048eb500
calls=1 0 
0 5

fn=(1032) std::__cxx11::numpunct<char>::_M_initialize_numpunct(__locale_struct*)
0 414

fn=(1108) std::__cxx11::moneypunct<wchar_t, true>::_M_initialize_moneypunct(__locale_struct*, char const*)
0 109

fn=(1288) bool std::has_facet<std::ctype<char> >(std::locale const&)
0 20
cob=(2)
cfi=(51)
cfn=(1022)
calls=4 0 
0 32
0 48
cob=(2)
cfi=(51)
cfn=(1290)
calls=4 0 
0 584
0 20

fn=(1332) bool std::has_facet<std::ctype<wchar_t> >(std::locale const&)
0 20
cob=(2)
cfi=(51)
cfn=(1022)
calls=4 0 
0 32
0 48
cob=(2)
cfi=(51)
cfn=(1290)
calls=4 0 
0 376
0 20

fn=(830) 0x00000000000a9b00
0 52

fn=(840) 0x00000000000a9d90
0 34

fn=(1044) std::__timepunct<char>::__timepunct(std::__timepunct_cache<char>*, unsigned long)
0 15
cob=(2)
cfi=(51)
cfn=(994)
calls=1 0 
0 5
0 4
cob=(2)
cfi=(51)
cfn=(1046) 0x00000000048edbf0
calls=1 0 
0 127
0 4

fn=(1056) std::ctype<wchar_t>::ctype(unsigned long)
0 13
cob=(2)
cfi=(51)
cfn=(1002)
calls=1 0 
0 19
0 7
cob=(2)
cfi=(51)
cfn=(1058) 0x00000000048ec7f0
calls=1 0 
0 21219

fn=(1316) bool std::has_facet<std::num_get<char, std::istreambuf_iterator<char, std::char_traits<char> > > >(std::locale const&)
0 20
cob=(2)
cfi=(51)
cfn=(1022)
calls=4 0 
0 32
0 48
cob=(2)
cfi=(51)
cfn=(1290)
calls=4 0 
0 376
0 20

fn=(1398) std::__cxx11::basic_string<char, std::char_traits<char>, std::allocator<char> >::_M_replace(unsigned long, unsigned long, char const*, unsigned long)
0 11311
cob=(2)
cfi=(51)
cfn=(1412)
calls=183 0 
0 2815
0 195
cob=(2)
cfi=(51)
cfn=(1400) 0x00000000048eee40
calls=3 0 
0 921
0 441

fn=(992) std::locale::_Impl::_Impl(unsigned long)
0 141
cob=(2)
cfi=(51)
cfn=(994)
calls=1 0 
0 5
0 7
cob=(2)
cfi=(51)
cfn=(998) 0x00000000048eb520
calls=1 0 
0 269
0 4
cob=(2)
cfi=(51)
cfn=(1018) 0x00000000048ece00
calls=1 0 
0 398
0 4
cob=(2)
cfi=(51)
cfn=(1026) 0x00000000048ec720
calls=1 0 
0 39
0 4
cob=(2)
cfi=(51)
cfn=(1018)
calls=1 0 
0 398
0 24
cob=(2)
cfi=(51)
cfn=(1030) 0x00000000048ee410
calls=1 0 
0 416
0 4
cob=(2)
cfi=(51)
cfn=(1018)
calls=1 0 
0 398
0 8
cob=(2)
cfi=(51)
cfn=(1018)
calls=1 0 
0 398
0 8
cob=(2)
cfi=(51)
cfn=(1018)
calls=1 0 
0 398
0 5
cob=(2)
cfi=(51)
cfn=(1002)
calls=1 0 
0 19
0 5
cob=(2)
cfi=(51)
cfn=(1018)
calls=1 0 
0 398
0 29
cob=(2)
cfi=(51)
cfn=(1034) 0x00000000048ecb90
calls=1 0 
0 115
0 4
cob=(2)
cfi=(51)
cfn=(1018)
calls=1 0 
0 398
0 29
cob=(2)
cfi=(51)
cfn=(1038) 0x00000000048ee270
calls=1 0 
0 115
0 4
cob=(2)
cfi=(51)
cfn=(1018)
calls=1 0 
0 398
0 8
cob=(2)
cfi=(51)
cfn=(1018)
calls=1 0 
0 398
0 8
cob=(2)
cfi=(51)
cfn=(1018)
calls=1 0 
0 398
0 57
cob=(2)
cfi=(51)
cfn=(1042) 0x00000000048ed730
calls=1 0 
0 157
0 4
cob=(2)
cfi=(51)
cfn=(1018)
calls=1 0 
0 398
0 8
cob=(2)
cfi=(51)
cfn=(1018)
calls=1 0 
0 398
0 8
cob=(2)
cfi=(51)
cfn=(1018)
calls=1 0 
0 398
0 4
cob=(2)
cfi=(51)
cfn=(1050) 0x00000000048eb3d0
calls=1 0 
0 46
0 4
cob=(2)
cfi=(51)
cfn=(1018)
calls=1 0 
0 398
0 4
cob=(2)
cfi=(51)
cfn=(1054) 0x00000000048eb8e0
calls=1 0 
0 21260
0 4
cob=(2)
cfi=(51)
cfn=(1018)
calls=1 0 
0 398
0 4
cob=(2)
cfi=(51)
cfn=(1094) 0x00000000048ec2c0
calls=1 0 
0 39
0 4
cob=(2)
cfi=(51)
cfn=(1018)
calls=1 0 
0 398
0 23
cob=(2)
cfi=(51)
cfn=(1098) 0x00000000048eb9e0
calls=1 0 
0 352
0 4
cob=(2)
cfi=(51)
cfn=(1018)
calls=1 0 
0 398
0 8
cob=(2)
cfi=(51)
cfn=(1018)
calls=1 0 
0 398
0 8
cob=(2)
cfi=(51)
cfn=(1018)
calls=1 0 
0 398
0 5
cob=(2)
cfi=(51)
cfn=(1002)
calls=1 0 
0 19
0 5
cob=(2)
cfi=(51)
cfn=(1018)
calls=1 0 
0 398
0 28
cob=(2)
cfi=(51)
cfn=(1102) 0x00000000048eda90
calls=1 0 
0 111
0 4
cob=(2)
cfi=(51)
cfn=(1018)
calls=1 0 
0 398
0 28
cob=(2)
cfi=(51)
cfn=(1106) 0x00000000048ebd70
calls=1 0 
0 111
0 4
cob=(2)
cfi=(51)
cfn=(1018)
calls=1 0 
0 398
0 8
cob=(2)
cfi=(51)
cfn=(1018)
calls=1 0 
0 398
0 8
cob=(2)
cfi=(51)
cfn=(1018)
calls=1 0 
0 398
0 57
cob=(2)
cfi=(51)
cfn=(1110) 0x00000000048ee120
calls=1 0 
0 155
0 4
cob=(2)
cfi=(51)
cfn=(1018)
calls=1 0 
0 398
0 8
cob=(2)
cfi=(51)
cfn=(1018)
calls=1 0 
0 398
0 8
cob=(2)
cfi=(51)
cfn=(1018)
calls=1 0 
0 398
0 4
cob=(2)
cfi=(51)
cfn=(1118) 0x00000000048eba20
calls=1 0 
0 46
0 4
cob=(2)
cfi=(51)
cfn=(1018)
calls=1 0 
0 398
0 8
cob=(2)
cfi=(51)
cfn=(1018)
calls=1 0 
0 398
0 8
cob=(2)
cfi=(51)
cfn=(1018)
calls=1 0 
0 398
0 8
cob=(2)
cfi=(51)
cfn=(1018)
calls=1 0 
0 398
0 8
cob=(2)
cfi=(51)
cfn=(1018)
calls=1 0 
0 398
0 11
cfn=(1122)
calls=1 0 
0 1963
0 3
cob=(2)
cfi=(51)
cfn=(1022)
calls=1 0 
0 8
0 4
cob=(2)
cfi=(51)
cfn=(1022)
calls=1 0 
0 8
0 4
cob=(2)
cfi=(51)
cfn=(1022)
calls=1 0 
0 8
0 4
cob=(2)
cfi=(51)
cfn=(1022)
calls=1 0 
0 8
0 5
cob=(2)
cfi=(51)
cfn=(1022)
calls=1 0 
0 8
0 4
cob=(2)
cfi=(51)
cfn=(1022)
calls=1 0 
0 8
0 5
cob=(2)
cfi=(51)
cfn=(1022)
calls=1 0 
0 8
0 5
cob=(2)
cfi=(51)
cfn=(1022)
calls=1 0 
0 8
0 13

fn=(996) std::locale::facet::_S_get_c_name()
0 21

fn=(1000) std::ctype<char>::ctype(unsigned short const*, bool, unsigned long)
0 15
cob=(2)
cfi=(51)
cfn=(1002)
calls=1 0 
0 151
0 101

fn=(1004) std::locale::facet::_S_get_c_locale()
0 70
cob=(2)
cfi=(51)
cfn=(981) 0x00000000048ec4b0'2
calls=14 0 
0 244
0 56

fn=(1210) std::moneypunct<wchar_t, true>::_M_initialize_moneypunct(__locale_struct*, char const*)
0 109

fn=(1302) std::ctype<char> const& std::use_facet<std::ctype<char> >(std::locale const&)
0 20
cob=(2)
cfi=(51)
cfn=(1022)
calls=4 0 
0 32
0 44
cob=(2)
cfi=(51)
cfn=(1290)
calls=4 0 
0 584
0 16

fn=(1312) std::num_put<char, std::ostreambuf_iterator<char, std::char_traits<char> > > const& std::use_facet<std::num_put<char, std::ostreambuf_iterator<char, std::char_traits<char> > > >(std::locale const&)
0 20
cob=(2)
cfi=(51)
cfn=(1022)
calls=4 0 
0 32
0 44
cob=(2)
cfi=(51)
cfn=(1290)
calls=4 0 
0 376
0 16

fn=(1348) bool std::has_facet<std::num_get<wchar_t, std::istreambuf_iterator<wchar_t, std::char_traits<wchar_t> > > >(std::locale const&)
0 20
cob=(2)
cfi=(51)
cfn=(1022)
calls=4 0 
0 32
0 48
cob=(2)
cfi=(51)
cfn=(1290)
calls=4 0 
0 376
0 20

fn=(1406) std::__cxx11::basic_string<char, std::char_traits<char>, std::allocator<char> >::_M_create(unsigned long&, unsigned long)
0 36
cob=(2)
cfi=(51)
cfn=(1408) 0x00000000048eba30
calls=1 0 
0 211
0 4
cob=(2)
cfi=(51)
cfn=(1408)
calls=2 0 
0 422

fn=(1410) operator new(unsigned long)
0 32
cob=(2)
cfi=(51)
cfn=(780)
calls=4 0 
0 781
0 16

fn=(770) 0x00000000000a9950
0 3
cob=(2)
cfi=(51)
cfn=(772) 0x00000000048ec280
calls=1 0 
0 5
0 4

fn=(832) 0x00000000000a9d10
0 5
cob=(2)
cfi=(51)
cfn=(758)
calls=1 0 
0 81

fn=(1020) std::locale::_Impl::_M_install_facet(std::locale::id const*, std::locale::facet const*)
0 448
cob=(2)
cfi=(51)
cfn=(1022)
calls=32 0 
0 544
0 11680

fn=(1040) std::__cxx11::moneypunct<char, true>::_M_initialize_moneypunct(__locale_struct*, char const*)
0 113

fn=(1052) std::__cxx11::messages<char>::messages(unsigned long)
0 13
cob=(2)
cfi=(51)
cfn=(1002)
calls=1 0 
0 19
0 2
cob=(2)
cfi=(51)
cfn=(994)
calls=1 0 
0 5
0 5

fn=(1096) std::codecvt<wchar_t, char, __mbstate_t>::codecvt(unsigned long)
0 13
cob=(2)
cfi=(51)
cfn=(1002)
calls=1 0 
0 19
0 5

fn=(1142) std::moneypunct<char, false>::_M_initialize_moneypunct(__locale_struct*, char const*)
0 113

ob=(1) /usr/lib64/ld-linux-x86-64.so.2
fl=(28) /usr/src/debug/glibc-2.34-60.el9_2.7.x86_64/string/../sysdeps/x86_64/multiarch/memmove-vec-unaligned-erms.S
fn=(84) memcpy
218 59
+1 59
+6 59
+1 59
+2 52
+1 52
+1 52
+2 22
+1 22
+1 22
+2 22
+80 7
+1 7
+2 1
+4 1
+1 1
+1 1
+1 1
+1 1
+4 1
+2 1
+39 6
+1 6
+1 6
+1 6
+1 6
+7 13
+1 13
+1 13
+1 13
+1 13
+1 13
+1 13
+11 30
+1 30
+2 28
+1 28
+1 28
+2 15
+1 15
+1 15
+1 15
+1 15
+1 15
+1 15
+1 15
+1 15
+1 15
+1 15
+1 15
+1 15
+1 15
+1 15
+4 2
+1 2
+4 2
+2 2
+16 2
+3 2
+2 2
+2 2
+4 2
+1 2
+9 2
+1 2
+2 2
+2 2
+1 2
+1 2
+3 2
+2 2
+2 2
+2 2
+6 2
+1 2
+1 2
+1 2
+1 2
+1 2
+1 2
+1 2
+1 2
+1 2
+1 2
+1 2
-11 19
+1 19
+1 19
+1 19
+1 19
+1 19
+1 19
+1 19
+1 19
+1 19
+1 19
+1 19
+2 2
+1 2
+1 2
+1 2
+2 2
+4 2

fn=(138) mempcpy
205 560
+1 560
+1 560
+1 560
+17 560
+1 560
+2 150
+1 150
+1 150
+2 69
+1 69
+1 69
+2 69
+80 410
+1 410
+2 108
+4 108
+1 69
+1 69
+1 2
+1 2
+1 2
+1 2
+2 2
+2 69
+6 39
+1 39
+1 39
+1 39
+1 39
+29 302
+1 302
+1 302
+1 302
+1 302
+7 26
+1 26
+1 26
+1 26
+1 26
+1 26
+1 26
+11 81
+1 81
+2 81
+1 81
+1 81
+2 55
+1 55
+1 55
+1 55
+1 55
+1 55
+1 55
+1 55
+1 55
+1 55
+1 55
+1 55
+1 55
+1 55
+1 55

fl=(31) /usr/src/debug/glibc-2.34-60.el9_2.7.x86_64/string/../sysdeps/x86_64/strcmp.S
fn=(96) strcmp
109 3876
+33 3876
+1 3876
+2 3876
+1 3876
+21 3876
+1 3876
+1 3486
+1 3486
+1 3358
+1 3358
+1 3358
+1 3358
+17 3358
+1 3358
+1 3358
+1 3358
+1 3358
+1 3358
+1 3358
+5 93
+1 279
+9 93
+1 93
+1 93
+1 93
+1 93
+1 93
+1 93
+1 93
-7 518
+1 518
+1 518
+1 518
+1 518
+1 518
+1 518
+1 518
+1 413
+1 141
+1 141
+1 141
+2 141
+1 141
+1 141
+1 141
+1 141
+1 141
-5 272
+1 272
+1 272
+1 272
+1 272
+1 272
+10 198
+1 198
+1 198
+2 198
+6 198
+1 198
+1 198
+1 198
+1 198
+5 198
+2 176
+1 176
+1 352
+8 176
+1 176
+3 176
+1 176
+1 176
+1 176
+1 176
+1 176
-9 20
+1 20
+3 20
+1 20
+1 20
+1 20
+1 20
+1 20
+6 27
+1 27
+1 27
+3 27
+1 27
+1 27
+1 27
+1 27
+1 27
+5 20
+1 20
+9 1
+1 1
+1 1
+1 1
+1 1
+2 1
+1 1
+1 1
+1 1
+1 1
+1 1
+1 1
+1 1
+3 1
+1 1
+1 1
+6 1
+1 1
+1 2
+4 1
+1 1
+3 1
+1 1
+1 1
+3 1
+1 1
+1 1
+6 1
+1 1
+1 1
+1 1
+1 1
+1 1
+78 3
+1 3
+1 3
+1 3
+1 3
+2 3
+1 3
+1 3
+1 3
+1 3
+1 3
+1 3
+1 3
+3 3
+1 3
+1 3
+6 3
+1 3
+1 6
+4 3
+1 3
+3 3
+1 3
+1 3
+3 3
+1 3
+1 3
+6 3
+1 3
+1 3
+1 3
+1 3
+1 3
+72 8
+1 8
+1 8
+1 8
+1 8
+2 8
+1 8
+1 8
+1 8
+1 8
+1 8
+1 8
+1 2
+4 2
+1 2
+1 2
+6 2
+1 2
+1 4
+4 2
+1 2
+3 2
+1 2
+1 2
+3 2
+1 2
+1 2
+6 2
+1 2
+1 2
+1 2
+1 2
+1 2
+72 9
+1 9
+1 9
+1 9
+1 9
+2 9
+1 9
+1 9
+1 9
+1 9
+1 9
+1 9
+1 9
+4 9
+1 9
+1 9
+6 9
+1 9
+1 18
+4 9
+1 9
+3 9
+1 9
+1 9
+3 9
+1 9
+1 9
+6 9
+1 9
+1 9
+1 9
+1 9
+1 9
+7 4
+1 4
+2 4
+1 4
+2 4
+1 4
+1 4
+3 4
+1 4
+1 4
+6 4
+1 4
+1 4
+1 4
+1 4
+1 4
+41 8
+1 8
+1 8
+1 8
+1 8
+2 8
+1 8
+1 8
+1 8
+1 8
+1 8
+1 8
+1 6
+4 6
+1 6
+1 6
+6 6
+1 6
+1 12
+4 6
+1 6
+3 5
+1 5
+1 5
+3 5
+1 5
+1 5
+6 5
+1 5
+1 5
+1 5
+1 5
+1 5
+7 1
+1 1
+2 1
+1 1
+2 1
+1 1
+1 1
+3 1
+1 1
+1 1
+6 1
+1 1
+1 1
+1 1
+1 1
+1 1
+13 1
+1 1
+1 1
+1 1
+13 1
+1 1
+1 1
+1 1
+9 8
+1 8
+1 8
+1 8
+1 8
+2 8
+1 8
+1 8
+1 8
+1 8
+1 8
+1 8
+1 7
+4 7
+1 7
+1 7
+6 7
+1 7
+1 14
+4 7
+1 7
+3 7
+1 7
+1 7
+3 7
+1 7
+1 7
+6 7
+1 7
+1 7
+1 7
+1 7
+1 7
+7 1
+1 1
+2 1
+1 1
+2 1
+1 1
+1 1
+3 1
+1 1
+1 1
+6 1
+1 1
+1 1
+1 1
+1 1
+1 1
+41 18
+1 18
+1 18
+1 18
+1 18
+2 18
+1 18
+1 18
+1 18
+1 18
+1 18
+1 18
+1 12
+4 12
+1 12
+1 12
+6 12
+1 12
+1 24
+4 12
+1 12
+3 12
+1 12
+1 12
+3 12
+1 12
+1 12
+6 12
+1 12
+1 12
+1 12
+1 12
+1 12
+72 34
+1 34
+1 34
+1 34
+1 34
+2 34
+1 34
+1 34
+1 34
+1 34
+1 34
+1 34
+1 25
+4 25
+1 25
+1 25
+6 25
+1 25
+1 50
+4 25
+1 25
+3 25
+1 25
+1 25
+3 25
+1 25
+1 25
+6 25
+1 25
+1 25
+1 25
+1 25
+1 25
+72 13
+1 13
+1 13
+1 13
+1 13
+2 13
+1 13
+1 13
+1 13
+1 13
+1 13
+1 13
+1 13
+4 13
+1 13
+1 13
+6 13
+1 13
+1 26
+4 13
+1 13
-1 2
+1 2
+3 15
+1 15
+1 15
+3 15
+1 15
+1 15
+6 15
+1 15
+1 15
+1 15
+1 15
+1 15
+7 5
+1 5
+2 5
+1 5
+2 5
+1 5
+1 5
+3 5
+1 5
+1 5
+6 5
+1 5
+1 5
+1 5
+1 5
+1 5
+7 2
+1 2
+1 2
+32 23
+1 23
+1 23
+1 23
+1 23
+2 23
+1 23
+1 23
+1 23
+1 23
+1 23
+1 23
+1 12
+4 12
+1 12
+1 12
+6 12
+1 12
+1 24
+4 12
+1 12
+3 12
+1 12
+1 12
+3 12
+1 12
+1 12
+6 12
+1 12
+1 12
+1 12
+1 12
+1 12
+72 44
+1 44
+1 44
+1 44
+1 44
+2 44
+1 44
+1 44
+1 44
+1 44
+1 44
+1 44
+1 12
+4 12
+1 12
+1 12
+6 12
+1 12
+1 24
+4 12
+1 12
-1 1
+1 1
+3 13
+1 13
+1 13
+3 13
+1 13
+1 13
+6 13
+1 13
+1 13
+1 13
+1 13
+1 13
+7 5
+1 5
+2 5
+1 5
+2 5
+1 5
+1 5
+3 5
+1 5
+1 5
+6 5
+1 5
+1 5
+1 5
+1 5
+1 5
+7 1
+1 1
+1 1
+32 27
+1 27
+1 27
+1 27
+1 27
+2 27
+1 27
+1 27
+1 27
+1 27
+1 27
+1 27
+1 23
+4 23
+1 23
+1 23
+6 23
+1 23
+1 46
+4 23
+1 23
+3 23
+1 23
+1 23
+3 23
+1 23
+1 23
+6 23
+1 23
+1 23
+1 23
+1 23
+1 23
+7 2
+1 2
+2 2
+1 2
+2 2
+1 2
+1 2
+3 2
+1 2
+1 2
+6 2
+1 2
+1 2
+1 2
+1 2
+1 2
+41 33
+1 33
+1 33
+1 33
+1 33
+2 33
+1 33
+1 33
+1 33
+1 33
+1 33
+1 33
+1 14
+4 14
+1 14
+1 14
+6 14
+1 14
+1 28
+4 14
+1 14
+3 14
+1 14
+1 14
+3 14
+1 14
+1 14
+6 14
+1 14
+1 14
+1 14
+1 14
+1 14
+7 1
+1 1
+2 1
+1 1
+2 1
+1 1
+1 1
+3 1
+1 1
+1 1
+6 1
+1 1
+1 1
+1 1
+1 1
+1 1
+41 159
+1 159
+1 159
+1 159
+1 159
+2 159
+1 159
+1 159
+1 159
+1 159
+1 159
+1 159
+1 150
+4 150
+1 150
+1 150
+6 150
+1 150
+1 300
+4 150
+1 150
-1 3
+1 3
+3 153
+1 153
+1 153
+3 153
+1 153
+1 153
+6 153
+1 153
+1 153
+1 153
+1 153
+1 153
+7 8
+1 8
+2 8
+1 8
+2 8
+1 8
+1 8
+3 8
+1 8
+1 8
+6 8
+1 8
+1 8
+1 8
+1 8
+1 8
+7 3
+1 3
+1 3
+32 25
+1 25
+1 25
+1 25
+1 25
+2 25
+1 25
+1 25
+1 25
+1 25
+1 25
+1 25
+2 15
+4 15
+1 15
+1 15
+6 15
+1 15
+2 30
+4 15
+1 15
+3 15
+1 15
+1 15
+3 15
+1 15
+1 15
+6 15
+1 15
+1 15
+1 15
+1 15
+1 15
+7 1
+1 1
+2 1
+1 1
+2 1
+1 1
+1 1
+3 1
+1 1
+1 1
+6 1
+1 1
+1 1
+1 1
+1 1
+1 1
+36 1
+1 1
+1 1
+1 2
+4 1
+2 1
+1 1
+1 1
+1 1
-5 479
+2 479
+1 479
+1 479
+1 479
-3 131
+1 131
+1 131
+1 131
+1 282
+5 141
+6 141
+1 141
+8 141
+1 141
-16 3735
+6 3735
+1 3735
+8 3735
+1 3735

fl=(44) /usr/src/debug/glibc-2.34-60.el9_2.7.x86_64/string/../sysdeps/x86_64/multiarch/memset-vec-unaligned-erms.S
fn=(142) memset
140 9
+1 45
+5 9
+1 9
+3 7
+1 7
+2 1
+1 1
+1 1
+34 2
+1 2
+2 2
+60 6
+1 6
+12 6
+3 6
+1 6
+12 4
+1 4
+13 4
+1 4
+2 4
+3 3
+3 6
+3 3
+1 3
+1 3
+1 3
+1 3
+1 3
+1 3
-6 91
+1 91
+1 91
+1 91
+1 91
+1 91
+1 91
+3 4
+1 4
+1 4
+1 4
+5 4
+34 2
+2 2
+1 2
+39 2
+1 2
+2 2

fl=(37) /usr/src/debug/glibc-2.34-60.el9_2.7.x86_64/elf/dl-hwcaps.c
fn=(114) _dl_important_hwcaps
172 5
+1 1
-1 6
+1 1
-1 1
+1 1
-1 1
+1 1
-1 1
+1 2
cfi=(11) /usr/src/debug/glibc-2.34-60.el9_2.7.x86_64/elf/dl-tunables.c
cfn=(28) __tunable_get_val
calls=1 406 
* 21
* 1
+2 2
+1 3
+9 2
-9 1
+8 1
cfi=(38) /usr/src/debug/glibc-2.34-60.el9_2.7.x86_64/elf/../sysdeps/x86_64/dl-hwcaps-subdirs.c
cfn=(116) _dl_hwcaps_subdirs_active
calls=1 29 
* 49
fi=(39) /usr/src/debug/glibc-2.34-60.el9_2.7.x86_64/elf/./dl-hwcaps.h
54 1
fe=(37)
185 1
-1 1
fi=(39)
56 1
+32 1
+1 1
+1 1
fe=(37)
-38 2
cfi=(40) /usr/src/debug/glibc-2.34-60.el9_2.7.x86_64/elf/dl-hwcaps_split.c
cfn=(122) _dl_hwcaps_split_masked
calls=1 -1 
* 22
* 2
fi=(39)
+2 1
+2 2
-2 1
+34 2
+1 2
+1 1
fe=(37)
-35 2
-1 2
+1 6
-3 4
cfi=(40)
cfn=(122)
calls=2 -1 
* 134
* 2
cfi=(40)
cfn=(122)
calls=1 -1 
* 147
* 6
+48 5
fi=(27) /usr/src/debug/glibc-2.34-60.el9_2.7.x86_64/elf/../include/rtld-malloc.h
-44 1
cfi=(7) /usr/src/debug/glibc-2.34-60.el9_2.7.x86_64/elf/dl-minimal.c
cfn=(80) rtld_malloc
calls=1 +72 
* 25
fe=(37)
+44 1
+2 2
+3 2
fi=(39)
-49 1
fe=(37)
+52 1
-3 1
fi=(39)
-51 2
+3 1
fe=(37)
+55 2
cfi=(40)
cfn=(124) _dl_hwcaps_split
calls=1 -87 
* 12
* 2
fi=(39)
-58 1
+2 2
-2 1
+34 2
+1 2
+1 1
fe=(37)
+37 10
+1 4
+1 2
+1 2
-1 2
-4 4
cfi=(40)
cfn=(122)
calls=2 -74 
* 134
* 2
cfi=(40)
cfn=(122)
calls=1 -74 
* 147
* 6
+8 2
+9 1
-15 1
+15 2
-15 1
+15 8
+9 2
+4 7
cfi=(42) /usr/src/debug/glibc-2.34-60.el9_2.7.x86_64/string/../sysdeps/x86_64/memcmp.S
cfn=(130) bcmp
calls=1 23 
* 41
+1 2
+1 4
+5 1
-1 1
+2 1
-20 1
+20 1
-1 1
+1 1
-20 2
-1 4
+53 1
+1 2
-1 2
+1 2
+4 2
-4 1
+4 1
-4 1
+4 4
+1 1
-1 1
+1 2
+1 2
-2 5
+1 1
-1 1
+1 2
+1 2
-2 5
+5 1
+3 19
+7 1
-7 1
+2 1
+1 4
fi=(43) /usr/src/debug/glibc-2.34-60.el9_2.7.x86_64/elf/../sysdeps/x86/dl-hwcap.h
57 7
fe=(37)
213 1
+1 1
cfi=(22) /usr/src/debug/glibc-2.34-60.el9_2.7.x86_64/string/../sysdeps/x86_64/multiarch/strlen-vec.S
cfn=(64) strlen
calls=1 45 
* 17
+1 1
+1 1
-6 1
+4 1
+1 2
+1 1
-1 2
-5 5
+8 3
+2 1
+2 3
-2 1
+1 2
+4 5
+1 1
+3 2
+5 3
-1 2
+4 1
+1 2
+16 4
+7 1
-7 7
+7 2
fi=(27)
56 1
cfi=(7)
cfn=(80)
calls=1 +72 
* 25
* 2
fe=(37)
262 2
+7 1
+1 1
+1 3
-1 2
+1 2
-1 1
+1 1
cfn=(136) copy_hwcaps
calls=1 74 
* 43
+1 5
cfn=(136)
calls=1 74 
* 374
+3 1
+1 1
-1 1
+8 2
+24 3
+48 2
+13 1
-13 1
+13 2
-58 2
+7 2
+10 3
-1 1
+1 4
-1 1
-89 2
+86 1
-86 1
+86 4
-3 1
+3 1
cfi=(28)
cfn=(138)
calls=1 205 
* 18
* 2
-3 1
+3 1
cfi=(28)
cfn=(138)
calls=1 205 
* 18
* 2
+3 2
-3 4
+3 5
+1 12
+1 2
-2 1
+2 1
cfi=(28)
cfn=(138)
calls=1 205 
* 15
* 2
-2 2
+5 8
cfi=(28)
cfn=(138)
calls=2 205 
* 30
* 4
+2 5
+5 7
+1 1
-1 3
+1 7
-1 22
+5 10
+3 2
-3 8
+3 10
+1 3
-1 3
+1 15
-1 9
+1 18
+1 24
-1 12
-1 12
+2 24
-1 24
-1 24
+4 9
+4 1
-1 1
+2 1
-2 1
+1 1
+1 1
-2 1
+2 3
-1 1
+1 2
+3 2
+3 2
-6 2
+2 6
+3 1
+1 2
-6 2
+6 3
+7 8
+1 1
-1 2
+3 2
-3 3
+1 3
-1 6
+3 6
+3 5
-80 2
+86 9
240 2
+1 1
-1 2
+2 1
-1 1
+1 3
-1 2
+2 2
+7 4
-42 2
+1 2

fn=(136)
74 6
+6 2
-6 4
fi=(39)
-20 2
+2 4
+32 2
+1 2
+1 2
fe=(37)
-11 4
+1 4
-1 2
+1 10
cfi=(28)
cfn=(138)
calls=2 205 
* 26
+4 2
+2 2
+2 2
-3 2
+1 4
+1 4
+1 2
-11 4
cfi=(40)
cfn=(122)
calls=2 -26 
* 134
* 4
cfi=(40)
cfn=(122)
calls=2 -26 
* 169
* 8
+13 10

fl=(46) /usr/src/debug/glibc-2.34-60.el9_2.7.x86_64/misc/../sysdeps/unix/sysv/linux/mmap64.c
fn=(158) mmap
48 52
+3 52
+8 104
+2 26

fl=(56) /usr/src/debug/glibc-2.34-60.el9_2.7.x86_64/io/../sysdeps/unix/sysv/linux/read_nocancel.c
fn=(196) __read_nocancel
25 5
+1 20
+1 5

fl=(78) /usr/src/debug/glibc-2.34-60.el9_2.7.x86_64/elf/dl-lookup.c
fn=(300) check_match
69 3225
+3 3225
-3 38700
+3 12900
+13 3225
-13 3225
+13 3225
-13 3225
+13 9675
+3 7608
cfi=(31)
cfn=(96)
calls=291 +21 
* 14738
* 582
+4 3222
+1 6444
+2 6438
+19 6438
+1 25752
+2 26
+1 4
-41 3210
+84 19260
-18 6
+2 6
+1 3
-1 6
+1 9
-1 6
+4 2
+1 7
+2 3
+2 1
+7 6
-7 14
+7 84
-45 9618
cfi=(31)
cfn=(96)
calls=3206 -7 
* 89930
* 6412

fn=(296) _dl_lookup_symbol_x
835 45262
576 12932
-1 6466
+2 3233
-1 3233
+1 9699
-1 9699
+1 134754
-1 134754
+1 404262
-1 404262
+2 3233
841 3233
-4 3233
+8 3233
-8 3233
+1 6466
+7 9649
+3 3233
+2 6466
-2 3233
+6 6466
-7 19398
+7 110
+1 45262
cfn=(298) do_lookup_x
calls=3233 362 
* 1164193
* 9699
+28 3233
-23 3233
+23 3233
-23 6466
+24 19250
+7 3211
-7 3211
+40 12844
+79 6422
-65 9633
+3 9633
-62 3233
+69 29097
-86 132
+18 66
+59 2

fn=(298)
362 22631
+1 3233
-1 22631
+48 6466
-41 3233
+41 16165
-16 32175
+8 10725
-4 10725
+1 10725
+3 42900
+1 32175
+3 10725
+1 21450
+7 10725
-3 21450
-2 10725
+5 42900
+3 75075
565 22578
373 21474
+3 21474
+4 43020
+4 21450
+4 21450
+88 6422
fi=(4) /usr/src/debug/glibc-2.34-60.el9_2.7.x86_64/elf/../sysdeps/generic/ldsodefs.h
138 9633
fe=(78)
527 6422
+3 17740
+16 6178
+1 3089
+1 6422
421 13864
-1 6932
+2 6932
+2 37345
+13 14697
-10 40545
+3 3225
-1 6450
+1 6450
-1 3225
+2 6450
-1 35475
cfn=(300)
calls=3225 69 
* 280460
+4 9675
+3 30
568 22
+1 25864
-35 5778
221 366
+2 244
-2 122
+2 366
+2 122
-2 366
cfi=(24) /usr/src/debug/glibc-2.34-60.el9_2.7.x86_64/elf/../sysdeps/nptl/dl-tls_init_tp.c
cfn=(90) rtld_mutex_dummy
calls=122 42 
* 366
+2 122
+1 122
+1 244
-2 122
+2 122
+2 242
+1 121
-1 242
+1 121
-1 121
+1 242
-1 605
+1 242
-1 1111
+24 426
+3 132
+1 396
-24 253
+1 253
-1 506
+1 80
cfi=(31)
cfn=(96)
calls=40 109 
* 2831
* 80
+2 200
+6 40
+7 40
-7 40
+7 40
cfi=(24)
cfn=(90)
calls=40 42 
* 120
+1 40
468 371
+2 2
261 1134
+61 164
+1 328
-1 164
+19 492
+5 164
cfi=(24)
cfn=(90)
calls=82 42 
* 246
+2 164
+1 82
-1 82
+1 82
175 518
-2 84
+1 252
-3 332
+7 82
+1 82
+1 82
+1 82
330 328
-72 132
+46 3
fi=(27)
44 3
cfi=(7)
cfn=(76) rtld_calloc
calls=1 171 
* 36
* 1
fe=(78)
314 2
+3 1
-5 1
169 1
312 1
+7 1
-1 1
+1 1
169 6
+1 1
-1 6
+1 1309
+98 4
cfi=(54) /usr/src/debug/glibc-2.34-60.el9_2.7.x86_64/elf/dl-misc.c
cfn=(414) _dl_higher_prime_number
calls=2 87 
* 159
fi=(27)
44 2
fe=(78)
268 2
fi=(27)
44 4
cfi=(7)
cfn=(76)
calls=2 171 
* 72
* 2
fe=(78)
271 4
170 4
278 2
170 10
278 8
+1 276
+1 70
169 70
280 140
169 70
280 70
169 70
+1 70
-1 70
+1 210
+1 440
+2 14
+1 42
-3 168
+7 70
+1 70
+1 70
+1 70
+97 276
+6 4
-16 2
+16 12
cfi=(7)
cfn=(156) rtld_free
calls=2 -96 
* 10
+4 2
169 2
285 2
+2 2
+1 4
169 4
+1 4
-1 2
+1 8
+5 10
451 25680
246 80
+1 40
-1 40
+1 40

fl=(91) /usr/src/debug/glibc-2.34-60.el9_2.7.x86_64/elf/../sysdeps/x86_64/dl-trampoline.h
fn=(964) _dl_runtime_resolve_xsave
67 12
+5 12
+3 12
+2 12
+10 12
+6 12
+1 12
+1 12
+1 12
+1 12
+1 12
+1 12
+4 12
+1 12
+3 12
+1 12
+2 12
+1 12
+1 12
+1 12
+1 12
+1 12
+2 12
+7 12
+1 12
+1 12
cfi=(92) /usr/src/debug/glibc-2.34-60.el9_2.7.x86_64/elf/dl-runtime.c
cfn=(966) _dl_fixup
calls=12 -80 
* 10541
+1 12
+5 12
+1 12
+1 12
+2 12
+1 12
+1 12
+1 12
+1 12
+1 12
+1 12
+2 12
+2 12
+4 12
+3 12

fl=(8) /usr/src/debug/glibc-2.34-60.el9_2.7.x86_64/elf/dl-setup_hash.c
fn=(14) _dl_setup_hash
25 7
+3 7
-3 7
+3 14
+3 21
+1 14
+2 7
-1 7
+3 21
+1 7
+4 7
-3 7
+7 7
-7 7
+3 7
-1 7
+3 7
+2 7
-7 7
+7 7
+5 7

fl=(1) ???
fn=(0) 0x0000000000020be0
0 2
cfi=(2) /usr/src/debug/glibc-2.34-60.el9_2.7.x86_64/elf/rtld.c
cfn=(2) _dl_start
calls=1 522 
0 3303129
0 14
cfi=(86) /usr/src/debug/glibc-2.34-60.el9_2.7.x86_64/elf/dl-init.c
cfn=(460) _dl_init
calls=1 77 
0 4030
0 3
cob=(8) /gpfs/home/nct/nct01032/TEB/mapper-speed/profile-results-compact/valgrind-bin/mapper.portable
cfi=(90) ???
cfn=(936) (below main)
calls=1 0 
0 84570

fl=(35) /usr/src/debug/glibc-2.34-60.el9_2.7.x86_64/posix/../sysdeps/unix/syscall-template.S
fn=(108) uname
120 5
+2 1

fl=(22)
fn=(64)
45 65
+44 65
+1 65
+1 65
+1 65
+1 65
+1 65
+1 65
+2 65
+2 65
+31 65
+1 65
+1 65
+1 65
+1 65
+1 13
+2 13
+4 52
+1 52
+1 52
+1 52
+1 52
+1 52
+1 52
+1 52
+1 52
+1 52
+1 52
+1 52
+5 364
+74 35
+1 35
+1 35
+1 35
+1 35
+1 35
+1 35
+1 35
+2 15
+2 15
+1 15
+1 15
+1 15
+1 15
+1 15
+1 15
+1 15
+1 9
+4 20
+2 20
+1 280
+2 20
+1 20
+1 20
+2 20
-7 6
+1 84
+2 6
+1 6
+1 6
+2 6

fl=(77) /usr/src/debug/glibc-2.34-60.el9_2.7.x86_64/elf/dl-reloc.c
fn=(376) _dl_protect_relro
342 7
+1 7
-1 14
+1 28
+3 7
-3 7
+3 7
+4 14
+7 14
-6 21
cfi=(70) /usr/src/debug/glibc-2.34-60.el9_2.7.x86_64/misc/../sysdeps/unix/syscall-template.S
cfn=(246) mprotect
calls=7 117 
* 42
* 14

fn=(288) _dl_relocate_object
194 14
+14 7
-14 63
+16 7
-16 14
+14 7
+2 14
+3 7
-1 7
+1 14
+19 14
+6 35
-34 4
+38 4
+7 8
fi=(6) /usr/src/debug/glibc-2.34-60.el9_2.7.x86_64/elf/../sysdeps/x86_64/dl-machine.h
79 8
+6 8
+4 6
+14 2
-8 2
+8 4
+20 4
+4 10
-2 4
fe=(77)
288 259
-83 10
fi=(6)
484 8
fe=(77)
288 2
fi=(5) /usr/src/debug/glibc-2.34-60.el9_2.7.x86_64/elf/do-rel.h
49 2
-1 2
+1 2
fe=(77)
288 2
fi=(5)
60 4
fe=(77)
205 25
fi=(6)
484 20
fe=(77)
288 5
fi=(5)
49 5
-1 5
+1 5
fe=(77)
288 5
fi=(5)
60 10
fe=(77)
288 7
fi=(5)
49 7
-1 7
+1 7
fe=(77)
288 7
fi=(5)
60 14
+3 2
-10 4
-1 2
+11 4
fi=(6)
555 168
+4 168
+3 252
+1 84
fi=(5)
63 252
+2 336
+11 6
fe=(77)
288 56
+3 42
+24 7
+3 14
+17 14
-96 14
+3 10
+7 20
-9 10
fi=(5)
86 60
+14 12
-14 12
+2 24
+12 24
+10 20
+3 25
+1 5
fi=(6)
539 5
fi=(5)
114 5
fi=(6)
539 10
fi=(5)
114 2092
fi=(6)
539 2092
fi=(5)
114 2092
fi=(6)
539 4184
+5 4194
+1 2097
fi=(5)
113 2097
fi=(6)
545 2097
-5 2097
fi=(5)
113 4194
+7 36
+4 44
+2 22
-74 6
fi=(6)
494 6
fi=(5)
53 6
fi=(6)
494 12
fi=(5)
128 12
+1 6
+1 6
-2 6
+2 6
+3 6
-5 6
+2 6
-2 6
+1 12
+2 6
-2 6
+2 18
+2 12
-5 9120
+1 4560
+1 4560
-2 4560
+2 4560
+3 4560
-5 4560
+2 4560
-2 4560
+1 9120
+2 4560
-2 4560
+2 13680
+2 9120
+9 4509
fi=(6)
270 9018
+21 9018
+4 9018
+7 18036
fi=(4)
138 13476
fi=(6)
302 144759
cfi=(78)
cfn=(296)
calls=3211 835 
* 2555497
* 22477
+2 13476
+30 27014
460 8163
fi=(5)
145 8163
fi=(6)
460 3506
fi=(5)
145 5341
-19 13698
+32 24
+1 9
fi=(6)
302 3
+22 3
-22 9
fi=(5)
159 219
+1 219
+3 57
+4 57
-4 57
+4 57
-1 57
+1 57
-2 57
-2 57
+2 171
fi=(6)
302 228
518 57
-1 114
+1 114
+1 57
cfi=(15) /usr/src/debug/glibc-2.34-60.el9_2.7.x86_64/elf/../sysdeps/x86/dl-get-cpu-features.c
cfn=(434) __x86_cpu_features
calls=1 71 
* 6
cob=(4) /usr/lib64/libm.so.6
cfi=(80) ???
cfn=(410) sin
calls=1 0 
* 9
cob=(4)
cfi=(80)
cfn=(408) __atan2_finite
calls=1 0 
* 9
cob=(4)
cfi=(80)
cfn=(406) exp2f
calls=1 0 
* 9
cob=(4)
cfi=(80)
cfn=(404) __asin_finite
calls=1 0 
* 8
cob=(4)
cfi=(80)
cfn=(402) sinf
calls=1 0 
* 9
cob=(4)
cfi=(80)
cfn=(400) __acos_finite
calls=1 0 
* 8
cob=(4)
cfi=(80)
cfn=(398) __log_finite
calls=1 0 
* 9
cob=(4)
cfi=(80)
cfn=(396) log2f
calls=1 0 
* 9
cob=(4)
cfi=(80)
cfn=(394) __pow_finite
calls=1 0 
* 8
cob=(4)
cfi=(80)
cfn=(392) powf
calls=1 0 
* 9
cob=(4)
cfi=(80)
cfn=(390) sincosf
calls=1 0 
* 9
cob=(4)
cfi=(80)
cfn=(388) logf
calls=1 0 
* 9
cob=(4)
cfi=(80)
cfn=(386) cos
calls=1 0 
* 9
cob=(4)
cfi=(80)
cfn=(384) expf
calls=1 0 
* 9
cob=(4)
cfi=(80)
cfn=(382) __exp_finite
calls=1 0 
* 9
cob=(4)
cfi=(80)
cfn=(380) cosf
calls=1 0 
* 9
cob=(3) /usr/lib64/libc.so.6
cfi=(79) ???
cfn=(374) rawmemchr
calls=1 0 
* 23
cob=(3)
cfi=(79)
cfn=(372) strncasecmp
calls=1 0 
* 19
cob=(3)
cfi=(79)
cfn=(370) mempcpy
calls=1 0 
* 22
cob=(3)
cfi=(79)
cfn=(368) strspn
calls=1 0 
* 7
cob=(3)
cfi=(79)
cfn=(366) memchr
calls=1 0 
* 23
cob=(3)
cfi=(79)
cfn=(364) memmove
calls=1 0 
* 22
cob=(3)
cfi=(79)
cfn=(362) stpcpy
calls=1 0 
* 17
cob=(3)
cfi=(79)
cfn=(360) wmemcmp
calls=1 0 
* 22
cob=(3)
cfi=(79)
cfn=(358) strncpy
calls=1 0 
* 17
cob=(3)
cfi=(79)
cfn=(356) strlen
calls=1 0 
* 25
cob=(3)
cfi=(79)
cfn=(354) strcasecmp_l
calls=1 0 
* 19
cob=(3)
cfi=(79)
cfn=(352) strcpy
calls=1 0 
* 17
cob=(3)
cfi=(79)
cfn=(350) strchrnul
calls=1 0 
* 25
cob=(3)
cfi=(79)
cfn=(348) memrchr
calls=1 0 
* 25
cob=(3)
cfi=(79)
cfn=(346) wmemset
calls=2 0 
* 38
cob=(3)
cfi=(79)
cfn=(344) bcmp
calls=1 0 
* 22
cob=(3)
cfi=(79)
cfn=(342) strncasecmp_l
calls=1 0 
* 19
cob=(3)
cfi=(79)
cfn=(340) strcat
calls=1 0 
* 17
cob=(3)
cfi=(79)
cfn=(338) wcscpy
calls=1 0 
* 7
cob=(3)
cfi=(79)
cfn=(336) strcspn
calls=1 0 
* 7
cob=(3)
cfi=(79)
cfn=(334) strcasecmp
calls=1 0 
* 19
cob=(3)
cfi=(79)
cfn=(332) strncmp
calls=1 0 
* 19
cob=(3)
cfi=(79)
cfn=(330) wmemchr
calls=2 0 
* 46
cob=(3)
cfi=(79)
cfn=(328) stpncpy
calls=1 0 
* 17
cob=(3)
cfi=(79)
cfn=(326) wcscmp
calls=1 0 
* 25
cob=(3)
cfi=(79)
cfn=(324) rindex
calls=1 0 
* 25
cob=(3)
cfi=(79)
cfn=(322) index
calls=1 0 
* 19
cob=(3)
cfi=(79)
cfn=(320) wcschr
calls=2 0 
* 50
cob=(3)
cfi=(79)
cfn=(318) memcpy@@GLIBC_2.14
calls=1 0 
* 22
cob=(3)
cfi=(79)
cfn=(316) wcslen
calls=1 0 
* 19
cob=(3)
cfi=(79)
cfn=(314) memset
calls=1 0 
* 24
cob=(3)
cfi=(79)
cfn=(312) wcsnlen
calls=1 0 
* 19
cob=(3)
cfi=(79)
cfn=(310) strcmp
calls=1 0 
* 19
cob=(3)
cfi=(79)
cfn=(308) strpbrk
calls=1 0 
* 7
cob=(3)
cfi=(79)
cfn=(306) strnlen
calls=2 0 
* 50
cob=(3)
cfi=(79)
cfn=(304) __x86_cacheinfo
calls=1 0 
* 28
+1 114
+4 57
fi=(5)
146 3363
fi=(6)
370 6
+1 9
fi=(5)
145 6
fi=(6)
432 54
+4 72
+5 18
+9 18
-9 36
+9 18
fi=(5)
145 36
fi=(6)
378 6
+11 2
-9 4
+9 2
fi=(5)
145 4
fi=(6)
500 36
+5 24
-1 36
+1 24
-1 12
cfi=(28)
cfn=(84)
calls=12 218 
* 264
+2 48
+1 12
-13 34
304 4541
+3 4490
-3 4490
+3 8980
+2 100
+3 40
+1 60
+11 40
+7 20
cob=(3)
cfi=(79)
cfn=(346)
calls=1 0 
* 19
cob=(3)
cfi=(79)
cfn=(326)
calls=1 0 
* 25
cob=(3)
cfi=(79)
cfn=(358)
calls=1 0 
* 17
cob=(3)
cfi=(79)
cfn=(344)
calls=1 0 
* 22
cob=(3)
cfi=(79)
cfn=(310)
calls=1 0 
* 19
cob=(3)
cfi=(79)
cfn=(322)
calls=1 0 
* 19
cob=(3)
cfi=(79)
cfn=(364)
calls=1 0 
* 22
cob=(3)
cfi=(79)
cfn=(368)
calls=1 0 
* 7
cob=(3)
cfi=(79)
cfn=(330)
calls=1 0 
* 23
cob=(3)
cfi=(79)
cfn=(332)
calls=1 0 
* 19
cob=(3)
cfi=(79)
cfn=(416) gettimeofday
calls=1 0 
* 7
cob=(3)
cfi=(79)
cfn=(360)
calls=1 0 
* 22
cob=(3)
cfi=(79)
cfn=(366)
calls=1 0 
* 23
cob=(3)
cfi=(79)
cfn=(316)
calls=1 0 
* 19
cob=(3)
cfi=(79)
cfn=(318)
calls=2 0 
* 44
cob=(3)
cfi=(79)
cfn=(314)
calls=2 0 
* 48
cob=(3)
cfi=(79)
cfn=(356)
calls=2 0 
* 50
* 60
+3 40
fi=(5)
135 285
+3 57
fi=(6)
304 4473
+3 4473
-3 9402
+3 114
fe=(77)
-19 7
fi=(5)
50 7
fe=(77)
288 28
+20 3216
fi=(6)
-6 9617
fi=(5)
110 2
-57 1
175 5
+2 2
+1 2
-1 1
+3 1
-3 4
+3 2
-3 10
+1 10
-1 5
+3 5
-3 20
+3 10
+8 6
fi=(6)
+82 12
+21 12
+4 12
+7 24
fi=(4)
138 18
fi=(6)
302 204
cfi=(78)
cfn=(296)
calls=6 835 
* 4034
* 42
+2 18
+30 36
fe=(77)
+2 14
cfn=(376)
calls=7 +6 
* 182
+1 56
fi=(6)
-35 12
fe=(77)
-14 10
fi=(6)
460 6
fi=(5)
191 18
-16 18
+30 3
fi=(6)
+99 3
+3 3
-3 3
+3 6
-3 3
+3 3
-3 6
fe=(77)

fl=(23) /usr/src/debug/glibc-2.34-60.el9_2.7.x86_64/elf/../misc/sbrk.c
fn=(66) sbrk
37 5
+3 1
+18 2
+4 2
+16 5

fl=(58) /usr/src/debug/glibc-2.34-60.el9_2.7.x86_64/io/../sysdeps/unix/sysv/linux/fstat64.c
fn=(204) fstat
29 12
+1 12
+5 18
cfi=(59) /usr/src/debug/glibc-2.34-60.el9_2.7.x86_64/io/../sysdeps/unix/sysv/linux/fstatat64.c
cfn=(206) fstatat
calls=6 149 
* 48

fl=(63) /usr/src/debug/glibc-2.34-60.el9_2.7.x86_64/io/../sysdeps/unix/sysv/linux/close_nocancel.c
fn=(216) __GI___close_nocancel
25 6
+1 24
+1 6

fl=(64) /usr/src/debug/glibc-2.34-60.el9_2.7.x86_64/io/../sysdeps/unix/sysv/linux/access.c
fn=(220) access
25 1
+2 7
+4 1

fl=(76) /usr/src/debug/glibc-2.34-60.el9_2.7.x86_64/elf/../sysdeps/x86/dl-cet.c
fn=(286) dl_cet_check
39 7
+3 1
+9 1
-10 1
+4 1
-4 1
+3 1
+4 2
+1 2
-1 2
+14 2
235 8

fn=(284) _dl_cet_check
252 1
+1 1
cfn=(286)
calls=1 39 
* 29

fl=(71) /usr/src/debug/glibc-2.34-60.el9_2.7.x86_64/io/../sysdeps/unix/sysv/linux/pread64_nocancel.c
fn=(250) __pread64_nocancel
25 8
+1 16
+1 4

fl=(41) /usr/src/debug/glibc-2.34-60.el9_2.7.x86_64/string/../sysdeps/x86_64/multiarch/../strchr.S
fn=(126) index
23 45
+1 45
+1 45
+1 45
+1 45
+1 45
+1 45
+1 45
+1 45
+1 45
+1 45
+1 45
+1 45
+1 45
+1 45
+1 45
+1 45
+1 45
+1 23
+4 23
+1 23
+1 23
+1 23
+2 23
+4 22
+1 22
+1 22
+1 22
+1 22
+1 22
+1 22
+1 22
+1 22
+1 22
+1 22
+1 22
+1 22
+1 22
+1 22
+1 22
+1 22
+1 22
+1 22
+1 22
+1 22
+1 22
+1 22
+1 44
+5 11
+1 11
+3 11
+1 11
+1 11
+1 11
+1 11
+1 11
+1 11
+1 11
+1 11
+1 11
+1 11
+1 11
+1 11
+1 11
+1 11
+1 11
+1 11
+1 11
+2 11
+1 11
-20 2
+1 2
+1 2
+1 2
+1 2
+1 2
+1 2
+1 2
+1 2
+1 2
+1 2
+1 2
+1 2
+1 2
+1 2
+1 2
+1 2
+1 2
+2 2
+1 2
+2 11
+1 11
+1 11
+1 11
+1 11
+1 11
+1 11
+1 11
+2 11
+1 11
+1 11
+1 11
+1 11
+1 11
+1 11
+1 11
+1 11
+1 11
+3 11
+4 11
+1 11
+1 11
+1 11
+2 11
-9 11
+4 11
+1 11
+1 11
+1 11
+2 11

fl=(2)
fn=(264) version_check_doit
687 3
+2 4
cfi=(74) /usr/src/debug/glibc-2.34-60.el9_2.7.x86_64/elf/dl-version.c
cfn=(266) _dl_check_all_versions
calls=1 362 
* 19468
* 2
+4 2

fn=(68) dl_main
1185 7
2838 1
1185 2
2707 1
1185 2
307 1
1185 3
201 1
+1 1
+1 1
+97 1
+1 1
+1 1
+1 1
+1 1
+1 1
+1 1
+1 1
1199 1
cfi=(24)
cfn=(70) __tls_pre_init_tp
calls=1 53 
* 14
2686 1
+6 1
-6 1
+6 4
-4 1
+4 1
+2 3
cfi=(25) /usr/src/debug/glibc-2.34-60.el9_2.7.x86_64/elf/dl-environ.c
cfn=(72) _dl_next_ld_env_entry
calls=1 28 
* 853
* 4
cfi=(25)
cfn=(72)
calls=2 28 
* 294
* 9
+4 6
-2 2
+2 6
+1 2
-1 6
+1 17
-1 89
+9 12
2854 3
+32 2
1215 1
+1 2
-1 3
+1 2
2783 3
+1 3
-56 2
+7 2
1483 9
cfi=(26) /usr/src/debug/glibc-2.34-60.el9_2.7.x86_64/elf/dl-object.c
cfn=(74) _dl_new_object
calls=1 59 
* 294
* 1
+2 2
+1 2
+6 1
-6 1
+1 1
+5 1
-5 1
+1 3
+4 1
cfi=(26)
cfn=(88) _dl_add_to_namespace_list
calls=1 31 
* 36
+1 2
1193 1
1522 1
-8 1
+8 1
-3 1
-5 1
+8 2
-7 1
+2 1
+5 4
+57 1
1190 1
1523 1
+19 1
+22 1
+15 2
-56 116
+96 2
+1 2
-98 27
fi=(29) /usr/src/debug/glibc-2.34-60.el9_2.7.x86_64/elf/../sysdeps/x86/dl-prop.h
104 4
fe=(2)
1626 22
+6 4
cfi=(30) /usr/src/debug/glibc-2.34-60.el9_2.7.x86_64/elf/dl-load.c
cfn=(94) _dl_process_pt_gnu_property
calls=1 867 
* 20
-7 26
+1 13
+6 13
-6 26
fi=(29)
203 4
+1 2
95 8
+9 2
+99 1
-99 1
-2 1
-2 1
+1 1
+3 3
+81 4
-1 1
-80 3
+3 3
+1 2
+1 2
+4 3
+4 3
+3 3
+1 2
+4 1
+1 3
+23 2
+10 1
-1 2
-28 2
+1 1
+3 2
+3 1
+1 4
+5 4
fe=(2)
1527 1
-5 1
+5 2
-5 2
+30 1
-9 1
+27 1
-27 1
+2 1
-3 1
+10 2
-20 2
-10 1
+10 1
+1 9
-11 2
+57 4
-1 4
+1 8
-1 4
+2 8
+1 1
+3 2
+1 2
-1 6
+1 6
+1 4
+1 10
-65 1
+66 1
-66 2
+93 1
-93 1
+93 1
-93 2
1641 4
+2 1
-5 3
+3 2
+2 2
+2 2
+13 3
+2 1
-1 1
+1 2
+1 2
-2 1
+2 1
-2 2
cfi=(31)
cfn=(96)
calls=1 109 
* 34
* 2
+7 1
+3 1
-5 1
+3 1
+2 1
+1 2
+4 2
+2 2
fi=(3) /usr/src/debug/glibc-2.34-60.el9_2.7.x86_64/elf/./get-dynamic-info.h
39 4
+4 1
+2 3
+9 1
+5 1
+3 1
+2 1
-3 1
-3 1
-3 11
+13 3
-23 12
+23 23
-23 92
+4 52
+5 16
+2 5
+16 4
+25 4
+5 2
+7 3
+1 3
+22 4
+15 4
+22 3
fe=(2)
1684 4
+7 2
cfi=(8)
cfn=(14)
calls=1 25 
* 27
+3 2
fi=(32) /usr/src/debug/glibc-2.34-60.el9_2.7.x86_64/elf/./setup-vdso.h
24 2
fi=(34) /usr/src/debug/glibc-2.34-60.el9_2.7.x86_64/elf/../sysdeps/unix/sysv/linux/dl-vdso-setup.h
+21 1
fe=(2)
1719 1
cfi=(9) /usr/src/debug/glibc-2.34-60.el9_2.7.x86_64/elf/../sysdeps/unix/sysv/linux/dl-sysdep.c
cfn=(106) _dl_discover_osversion
calls=1 258 
* 90
* 8
fi=(36) /usr/src/debug/glibc-2.34-60.el9_2.7.x86_64/elf/./dl-main.h
109 5
cfi=(30)
cfn=(112) _dl_init_paths
calls=1 705 
* 44023
fe=(2)
1727 3
cfi=(47) /usr/src/debug/glibc-2.34-60.el9_2.7.x86_64/elf/dl-debug.c
cfn=(160) _dl_debug_initialize
calls=1 46 
* 18
+7 1
-7 1
+2 1
+5 1
+4 1
+1 1
+2 1
-3 3
+1 2
+3 1
+5 1
-7 1
+7 1
+1 3
+17 2
+1 2
+5 1
-3 2
+2 1
+1 2
+5 3
+1 5
-1 2
+13 8
cfn=(162) audit_list_add_dynamic_tag
calls=1 228 
* 10
+1 4
cfn=(162)
calls=1 228 
* 10
+4 2
+5 2
fi=(29)
190 5
+2 1
+1 1
+1 1
-2 3
+2 1
fe=(2)
1779 1
+6 1
-6 1
+1 2
+5 1
fi=(3)
59 4
+3 4
+2 4
fe=(2)
1823 1
cfi=(48) /usr/src/debug/glibc-2.34-60.el9_2.7.x86_64/elf/../elf/dl-tls.c
cfn=(164) _dl_count_modids
calls=1 197 
* 6
* 1
+8 4
+3 2
+4 3
+5 2
+1 1
cfi=(47)
cfn=(166) _dl_debug_state
calls=1 73 
* 2
+1 1
+4 3
cfi=(49) /usr/src/debug/glibc-2.34-60.el9_2.7.x86_64/elf/dl-audit.c
cfn=(168) _dl_audit_activity_map
calls=1 28 
* 20
+5 3
+2 1
+2 2
+9 2
+16 4
cfi=(64)
cfn=(220)
calls=1 25 
* 9
* 2
+76 4
+16 3
81 1
1985 3
81 2
1985 1
81 1
1985 5
cfi=(65) /usr/src/debug/glibc-2.34-60.el9_2.7.x86_64/elf/dl-deps.c
cfn=(222) _dl_map_object_deps
calls=1 159 
* 71116
88 1
1991 1
88 2
+9 2
1991 2
+1 6
-1 4
+1 12
-1 24
+4 4
+1 3
+1 1
+2 2
+1 5
-1 21
+1 18
+12 3
+1 2
+2 1
+2 3
+2 1
-4 1
+5 1
-1 2
+14 2
+1 2
+1 3
+11 2
+2 1
-2 1
+2 2
-2 1
+1 2
+1 1
-1 2
+1 1
cfi=(52) /usr/src/debug/glibc-2.34-60.el9_2.7.x86_64/elf/dl-error-skeleton.c
cfn=(262) _dl_receive_error
calls=1 238 
* 19496
+10 2
+1 2
+3 2
853 1
fi=(94) /usr/src/debug/glibc-2.34-60.el9_2.7.x86_64/elf/../sysdeps/unix/sysv/linux/dl-osinfo.h
64 2
fe=(2)
855 1
+6 1
+3 1
+7 1
-5 1
2067 3
2297 4
1798 2
fi=(33) /usr/src/debug/glibc-2.34-60.el9_2.7.x86_64/elf/../sysdeps/unix/sysv/linux/dl-vdso.h
40 1
+1 2
fe=(2)
2346 1
1192 1
2353 2
+4 1
-4 1
+10 1
-6 1
+6 1
-6 1
+9 2
+8 2
fi=(29)
36 2
+1 3
+3 1
+13 1
-13 15
+9 12
-9 1
+9 35
+4 30
-16 21
+34 4
cfi=(76)
cfn=(284)
calls=1 252 
* 31
fe=(2)
2376 2
+51 3
+3 1
81 4
2434 2
+1 22
+2 14
+5 14
+2 14
+8 7
-2 7
+2 14
+1 48
cfi=(77)
cfn=(288)
calls=6 194 
* 3041961
+4 18
+1 4
-23 2
+23 2
cfi=(48)
cfn=(378) _dl_add_to_slotinfo
calls=2 1015 
* 56
-23 5
88 3
+1 1
2466 1
89 1
2466 1
+5 4
+2 1
+7 3
cfi=(48)
cfn=(418) _dl_allocate_tls_init
calls=1 528 
* 219
+3 2
fi=(34)
30 3
+3 1
+3 1
+3 1
fi=(33)
+16 2
fe=(2)
2446 1
+1 1
-3 2
+49 3
+2 4
+12 3
cfi=(7)
cfn=(420) __rtld_malloc_init_real
calls=1 89 
* 3234
+3 1
cfi=(83) /usr/src/debug/glibc-2.34-60.el9_2.7.x86_64/elf/../sysdeps/nptl/dl-mutex.c
cfn=(428) __rtld_mutex_init
calls=1 30 
* 584
81 1
2516 1
+1 3
81 3
2517 2
cfi=(77)
cfn=(288)
calls=1 194 
* 6419
88 3
+9 2
2525 3
cfi=(85) /usr/src/debug/glibc-2.34-60.el9_2.7.x86_64/elf/dl-call-libc-early-init.c
cfn=(436) _dl_call_libc_early_init
calls=1 27 
* 512
+7 1
cfi=(9)
cfn=(450) _dl_sysdep_start_cleanup
calls=1 147 
* 2
+4 3
cfi=(49)
cfn=(452) _dl_audit_activity_nsid
calls=1 40 
* 9
+5 3
cfi=(47)
cfn=(160)
calls=1 46 
* 9
+1 1
-1 1
+2 1
cfi=(47)
cfn=(166)
calls=1 73 
* 2
+1 1
+4 1
cfi=(67) /usr/src/debug/glibc-2.34-60.el9_2.7.x86_64/elf/dl-cache.c
cfn=(454) _dl_unload_cache
calls=1 527 
* 18
+5 8
1737 4
2010 2
+50 2
cfn=(270) init_tls
calls=1 747 
* 843
* 2
2784 2
+2 1
+1 1
-1 1
+1 1
+1 1
-53 4
+2 2
+1 1
1963 10
81 1
1862 2
81 3
1862 2
cfn=(170) handle_preload_list
calls=1 885 
* 3126
* 1
88 3
+9 3
1963 6
+1 1
-1 1
+4 3
+1 1
+1 2
+1 2
-7 2
fi=(29)
162 2
-32 2
fe=(2)

fn=(270)
747 3
+2 1
+4 1
-4 1
+4 2
+11 1
fi=(27)
44 1
fe=(2)
759 1
+4 1
fi=(27)
44 1
cfi=(7)
cfn=(76)
calls=1 171 
* 36
fe=(2)
774 1
-12 1
+6 1
-9 1
+11 1
+4 1
+2 3
-1 2
+3 14
+4 2
+2 2
-2 4
-5 2
-1 4
+1 5
-1 10
+10 3
+3 2
cfi=(48)
cfn=(272) _dl_tls_static_surplus_init
calls=1 97 
* 79
+3 1
cfi=(48)
cfn=(274) _dl_determine_tlsoffset
calls=1 221 
* 106
+7 1
cfi=(48)
cfn=(276) _dl_allocate_tls_storage
calls=1 422 
* 456
* 1
+1 2
+6 1
+3 2
-3 1
+3 6
+3 1
cfi=(24)
cfn=(280) __tls_init_tp
calls=1 68 
* 72
+1 1
+3 5

fn=(170)
885 10
+5 5
-4 2
+10 2
+7 1
187 1
905 2
187 2
907 2
+1 4
cfn=(174) do_preload
calls=1 -88 
* 2812
* 1
-18 2
+3 3
cfi=(50) /usr/src/debug/glibc-2.34-60.el9_2.7.x86_64/string/../string/strcspn.c
cfn=(172) strcspn
calls=1 32 
* 238
* 1
+1 3
+2 4
cfi=(28)
cfn=(84)
calls=1 218 
* 19
+1 3
+14 9

fn=(186) map_doit
654 2
+2 1
-2 1
+2 1
+1 2
-1 2
+1 3
cfi=(30)
cfn=(188) _dl_map_object
calls=1 1999 
* 2682
* 1
+2 2

fn=(2)
522 10
81 1
552 1
81 2
fi=(6)
-20 1
fe=(2)
+20 1
fi=(3)
-36 1
fi=(6)
+16 2
fe=(2)
551 1
-3 1
fi=(3)
45 2
+9 1
+5 1
+3 1
+2 1
+4 1
-7 1
-3 1
-3 17
+13 5
-23 20
+23 15
-23 60
+4 40
+5 24
+2 5
+3 4
+13 4
+25 3
+5 2
+7 3
+1 3
+8 2
+1 2
+5 5
+3 3
fe=(2)
563 2
+7 1
+13 1
cfi=(7)
cfn=(12) __rtld_malloc_init_stubs
calls=1 55 
* 10
81 1
483 2
81 3
483 1
cfi=(8)
cfn=(14)
calls=1 25 
* 27
+2 1
+17 2
-17 1
+1 2
+1 1
-3 1
+3 1
+9 1
+6 1
cfi=(9)
cfn=(16) _dl_sysdep_start
calls=1 102 
* 3301045
* 1
+2 2
+94 9
fi=(4)
80 1
fi=(6)
-1 1
fi=(4)
+1 1
fe=(2)
568 10
fi=(5)
48 1
fe=(2)
568 3
fi=(5)
88 3
fe=(2)
568 6
fi=(5)
49 1
fe=(2)
568 3
fi=(5)
49 1
fe=(2)
568 1
fi=(5)
49 2
+37 5
+27 3
+1 2
fi=(6)
544 2
fi=(5)
114 280
fi=(6)
544 280
+1 141
fi=(5)
113 141
fi=(6)
545 282
fi=(5)
113 282
+5 2
fi=(6)
424 1
fi=(5)
126 2
fi=(6)
334 14
fi=(5)
126 24
+2 8
+2 8
-2 8
fi=(6)
295 8
fi=(5)
130 8
-2 8
+1 16
fi=(6)
295 16
+9 80
+3 16
+27 38
fi=(3)
62 4
+2 4
+18 4
+1 4
+1 4
+1 4
+2 4
+5 4
+1 4
+1 5
fi=(6)
334 2
450 7
+3 7
fe=(2)

fn=(174)
820 1
+12 1
-12 5
+10 1
-4 1
+6 2
-5 1
+5 2
-10 1
+6 1
+4 1
cob=(2)
cfi=(51)
cfn=(176) 0x0000000004002080
calls=1 0 
* 2784
+1 3
+8 3
+6 5

fn=(162)
228 6
+1 8
+1 4
-10 2

fl=(30)
fn=(94)
867 6
+8 6
-8 6
+8 6
-6 6
+12 12
-13 6
+13 6
-13 6
+13 12
+3 18
+1 12
+1 12
+43 6

fn=(226) cache_rpath
681 12
-1 24
+1 24
+1 12
+16 24

fn=(148) expand_dynamic_string_token
384 57
+10 19
-10 76
+10 19
cfn=(150) _dl_dst_count
calls=19 237 
* 1756
+3 38
+12 19
-11 19
+11 76
-11 19
cfi=(45) /usr/src/debug/glibc-2.34-60.el9_2.7.x86_64/string/strdup.c
cfn=(152) strdup
calls=19 40 
* 2295

fn=(192) open_verify.constprop.0
1560 2563
+39 233
-39 233
+39 466
+19 932
cfi=(55) /usr/src/debug/glibc-2.34-60.el9_2.7.x86_64/io/../sysdeps/unix/sysv/linux/open64_nocancel.c
cfn=(194) __open_nocancel
calls=233 34 
* 5111
* 233
+2 466
+11 5
+6 10
-5 5
+5 40
cfi=(56)
cfn=(196)
calls=5 25 
* 30
+2 10
+2 10
+2 10
+6 10
+17 55
fi=(27)
50 10
cfi=(7)
cfn=(156)
calls=5 188 
* 25
fe=(30)
1833 2097
1666 15
+59 10
+5 10
+2 20
+6 10
+6 5
+1 5
-1 15
+1 5
-1 5
+1 10
+1 8
+20 15
+31 5
-31 5
+31 5
1625 5
1797 20
-31 288
+1 130
+1 40
+4 40
+6 4
+1 28
+10 10
cfi=(71)
cfn=(250)
calls=2 25 
* 14
* 14
+8 72
+15 4
+6 2
-3 2
+1 2
+1 2
+1 4
-3 2
+1 2
+1 2
+2 2
-3 6
-1 2
+4 4
-19 90
+3 10
-4 10
+4 20
+5 2
+1 4
-60 13
+1 3
-1 1
+1 3
cfi=(71)
cfn=(250)
calls=1 25 
* 7
* 3
+16 5
+7 40
1604 456
+62 9
1779 4
-30 2

fn=(112)
705 9
+14 1
-14 4
+14 2
cfi=(37)
cfn=(114)
calls=1 172 
* 2038
fi=(27)
56 1
fe=(30)
719 1
fi=(27)
56 1
cfi=(7)
cfn=(80)
calls=1 +72 
* 25
fe=(30)
724 1
+2 2
+7 2
+1 2
-1 3
+5 3
fi=(27)
56 1
cfi=(7)
cfn=(80)
calls=1 +72 
* 25
fe=(30)
738 1
+2 4
+26 1
-9 1
+12 1
-9 1
-13 1
-1 1
+9 1
+2 1
+1 1
+2 1
+1 1
+5 2
+1 3
+2 1
-2 2
cfi=(44)
cfn=(142)
calls=1 140 
* 18
+2 1
-2 2
-7 1
-5 1
+12 1
-12 1
+2 1
+1 1
+2 1
+1 1
+6 1
cfi=(44)
cfn=(142)
calls=1 140 
* 18
+2 1
+12 1
+3 1
-8 1
-1 1
+9 2
+2 4
+2 3
+36 4
+2 2
cfi=(22)
cfn=(64)
calls=1 45 
* 223
* 9
-19 1
-2 1
+2 2
+19 9
cfi=(28)
cfn=(84)
calls=1 218 
* 251
* 1
+5 4
-1 2
+2 1
+1 2
-2 4
+1 1216
+1 2432
-2 4864
+5 1
fi=(27)
56 1
cfi=(7)
cfn=(80)
calls=1 +72 
* 25
fe=(30)
835 1
fi=(27)
56 1
fe=(30)
837 2
+6 6
cfn=(144) fillin_rpath.isra.0
calls=1 467 
* 32735
+3 3
+6 1
+4 8
-35 2
+5 2

fn=(150)
237 62
+3 31
-3 62
+7 31
-7 62
+3 31
cfi=(41)
cfn=(126)
calls=31 23 
* 1774
+3 62
+20 217

fn=(228) open_path
1847 32
+1 4
-1 28
+1 4
+6 8
+5 60
-7 4
+7 4
-8 4
+8 8
+3 12
+9 432
+7 216
+1 72
-1 72
cfi=(28)
cfn=(138)
calls=72 205 
* 1800
-12 72
+12 72
+51 216
-50 144
+58 216
-55 1440
+5 1824
cfi=(28)
cfn=(138)
calls=228 205 
* 3036
* 912
cfi=(28)
cfn=(138)
calls=228 205 
* 2964
+3 456
+6 684
+3 1596
cfn=(192)
calls=228 1560 
* 12540
* 228
+2 684
+2 360
+65 536
+7 144
-2 144
+2 216
+3 12
-13 4
+27 36
-65 192
+2 144
-50 3456
+29 360
+1 1260
+6 360
+2 180
-2 180
+2 360
cfi=(66) /usr/src/debug/glibc-2.34-60.el9_2.7.x86_64/io/../sysdeps/unix/sysv/linux/stat64.c
cfn=(230) stat
calls=180 28 
* 2848
* 180
+3 180
-3 360
+1 16
+2 16
-2 16
+2 472
-61 8

fn=(144)
467 7
+4 1
-4 8
+6 3
cfi=(7)
cfn=(146) strsep
calls=1 345 
* 1370
* 54
cfi=(7)
cfn=(146)
calls=18 345 
* 21812
* 57
+7 36
+2 54
cfn=(148)
calls=18 -98 
* 4212
* 18
+4 36
+5 36
cfi=(22)
cfn=(64)
calls=18 45 
* 948
* 18
+1 36
+7 90
+9 621
+1 394
cfi=(42)
cfn=(130)
calls=4 23 
* 230
* 8
fi=(27)
50 36
cfi=(7)
cfn=(156)
calls=18 188 
* 90
+1 18
fe=(30)
527 54
+4 54
fi=(27)
56 18
cfi=(7)
cfn=(80)
calls=18 +72 
* 478
* 18
fe=(30)
533 36
+5 18
+1 36
-2 18
+1 18
-1 18
+2 18
cfi=(28)
cfn=(138)
calls=18 205 
* 450
+1 18
+2 18
-3 18
+1 18
+2 18
+1 3
+5 3
+1 3
-1 9
+1 6
-1 15
+1 15
-1 45
+1 66
+1 18
-1 54
+1 162
-1 486
+3 18
+1 18
-1 18
+1 36
+1 18
+6 36
+1 18
+3 54
-60 72
+66 1
+3 44

fn=(200) _dl_map_object_from_fd
943 55
+10 5
-10 5
+10 5
-10 10
+10 5
cfi=(47)
cfn=(160)
calls=5 46 
* 45
* 5
+7 20
+81 20
+10 10
+7 35
cfi=(26)
cfn=(74)
calls=5 59 
* 1738
* 5
+1 10
+11 5
+5 5
-5 5
+1 10
+1 5
+2 5
-2 5
+2 10
+1 15
+1 8
+19 8
-2 4
+2 30
-2 1
+2 62
+9 5
-9 5
+9 30
+93 5
-6 5
-32 10
-28 5
-33 5
+99 5
-6 5
-95 5
+35 5
-34 5
+48 5
-54 5
1197 10
-92 138
+20 2
+1 1
-22 162
+1 304
1209 5
1104 5
1209 5
+1 10
1104 15
1214 15
1071 10
1227 10
+10 20
+7 15
fi=(60) /usr/src/debug/glibc-2.34-60.el9_2.7.x86_64/elf/./dl-map-segments.h
56 5
fe=(30)
1244 5
fi=(60)
56 5
fe=(30)
1244 10
fi=(60)
57 5
fe=(30)
1244 15
fi=(60)
57 5
-1 5
-6 5
+6 10
-6 5
+6 5
cfi=(46)
cfn=(158)
calls=5 -8 
* 45
+4 10
-4 5
+4 5
+3 10
+1 5
+2 5
-3 5
+1 5
+2 5
+7 33
cfi=(70)
cfn=(246)
calls=3 +44 
* 18
* 9
+7 5
+2 5
fi=(61) /usr/src/debug/glibc-2.34-60.el9_2.7.x86_64/elf/./dl-load.h
+8 40
+1 15
+2 40
fi=(60)
+11 80
+8 5
-1 5
-1 5
+1 5
+2 5
-1 5
+1 5
-1 20
+8 10
+17 10
+12 20
-59 100
+2 30
+3 15
-3 30
+2 120
cfi=(46)
cfn=(158)
calls=15 -46 
* 135
* 45
fi=(57) /usr/src/debug/glibc-2.34-60.el9_2.7.x86_64/elf/../sysdeps/posix/dl-fileid.h
-57 15
cfi=(58)
cfn=(204)
calls=5 -8 
* 75
* 10
fe=(30)
998 5
fi=(57)
40 5
+1 5
fe=(30)
998 5
fi=(57)
40 5
fe=(30)
998 10
fi=(57)
41 5
fe=(30)
998 75
+1 40
fi=(57)
49 60
fe=(30)
1507 45
1017 10
+62 13
+1 2
-1 1
+1 1
-1 1
+1 1
cfi=(71)
cfn=(250)
calls=1 25 
* 7
* 2
+25 62
+26 60
+5 140
+10 40
-1 20
+4 40
-4 20
-1 20
+2 40
+2 20
-2 20
-1 20
+1 20
+1 20
-1 20
+2 20
+1 20
+4 40
+1 75
+5 15
-1 15
+1 15
-1 15
+1 60
-15 15
+15 30
+10 15
-10 5
-1 5
+1 5
-1 5
+1 20
-15 5
+15 10
+10 5
-58 10
+7 5
+2 5
-2 5
+1 5
+1 5
-1 10
+1 40
+52 6
+4 2
+1 4
-59 2
+63 10
+1 2
+3 2
-3 2
+8 8
+15 10
+1 5
+54 20
+1 15
fi=(62) /usr/src/debug/glibc-2.34-60.el9_2.7.x86_64/elf/get-dynamic-info.h
39 10
+6 5
-2 5
+2 10
+9 5
+5 5
+3 5
-1 5
-3 5
-3 100
+13 30
-23 120
+23 104
-23 416
+4 268
+5 140
+2 25
+3 20
+3 20
+2 20
+8 20
+10 17
+1 20
+1 20
+1 20
+2 20
+5 20
+1 19
+1 20
+3 15
+5 10
+7 10
+1 15
+22 15
+5 4
+2 4
+2 4
+2 4
+4 15
+2 15
+1 10
+9 10
+6 10
+4 10
fe=(30)
1267 10
+1 10
+2 25
+10 15
+19 10
+2 25
+52 15
+1 4
+6 35
+1 98
+6 20
cfn=(94)
calls=5 867 
* 100
-7 118
+1 59
+6 59
-6 118
fi=(29)
203 20
+1 10
95 40
+9 10
+99 5
-99 5
-2 5
-2 5
+1 5
+3 15
+81 20
-1 5
-80 15
+3 15
+1 10
+1 10
+4 15
+4 15
+3 15
+1 10
+4 5
+1 15
+23 14
+10 7
-1 14
+1 5
+18 15
+2 20
-49 14
+1 7
+3 14
+3 7
+1 28
+5 28
+26 6
fe=(30)
1372 10
cfi=(63)
cfn=(216)
calls=5 25 
* 30
* 10
+13 10
+2 20
+2 10
+16 10
cfi=(8)
cfn=(14)
calls=5 25 
* 135
+4 10
+1 10
+17 10
+4 5
+5 5
-5 5
+5 5
+10 10
+7 35
+10 10
+1 8
+5 4
cfi=(48)
cfn=(248) _dl_assign_tls_modid
calls=2 131 
* 20
+7 15
cfi=(26)
cfn=(88)
calls=5 31 
* 265
+3 20
+19 10
+4 35
+1 15
cfi=(49)
cfn=(218) _dl_audit_objopen
calls=5 76 
* 25
* 5
fi=(61)
94 16
+2 4
-1 8
+1 4
-1 4
+1 4
-1 4
+1 4
-1 8
+3 16
fi=(60)
+25 10
+8 35
cfi=(44)
cfn=(142)
calls=5 +9 
* 770
+1 15
fe=(30)
1428 2
1079 2
fi=(62)
144 4
+22 12
fi=(29)
+24 25
+2 5
+1 5
+1 5
-2 15
+2 5
fi=(60)
-53 16
cfi=(46)
cfn=(158)
calls=2 -93 
* 18
+3 4
fe=(30)
1454 15
+2 4
-1 20
+1 4
-1 4
+1 4
-1 4
cfi=(31)
cfn=(96)
calls=4 109 
* 100
* 8
+2 6
fi=(29)
162 4
-32 4
fe=(30)

fn=(188)
1999 130
+8 26
+1 52
+3 280
+5 406
+2 174
cfi=(54)
cfn=(190) _dl_name_match_p
calls=58 68 
* 5589
* 116
+4 100
+1 150
+4 28
-1 140
+1 28
+1 28
-1 28
+1 56
cfi=(31)
cfn=(96)
calls=28 109 
* 1006
* 56
2288 122
2042 5
+1 5
-1 5
+1 5
-1 5
+1 5
-1 10
-41 5
+50 15
+17 10
-2 5
+2 5
cfi=(41)
cfn=(126)
calls=5 23 
* 120
* 10
2219 2
-1 3
cfn=(148)
calls=1 384 
* 181
+2 1
-3 1
+1 1
+2 2
+4 6
cfn=(192)
calls=1 1560 
* 287
* 1
+3 2
+12 4
+46 1
+1 3
-1 1
+1 9
cfn=(200)
calls=1 943 
* 1797
-1 4
+1 12
-1 4
+1 36
cfn=(200)
calls=4 943 
* 8483
* 15
2072 8
cfi=(22)
cfn=(64)
calls=4 45 
* 68
* 8
+2 8
+7 16
+36 44
cfn=(228)
calls=4 1847 
* 41884
+6 4
-6 4
+6 16
+1 24
cfn=(226)
calls=4 681 
* 32
* 8
+8 4
+14 8
+2 12
+4 8
cfi=(67)
cfn=(232) _dl_load_cache_lookup
calls=4 406 
* 5691
* 4
+2 8
+4 8
+8 12
+23 28
cfn=(192)
calls=4 1560 
* 1258
+4 8
-4 4
+4 4
+1 8
+17 8
+28 16
+2 16
2085 4
+8 8
-7 4
-1 4
+8 12
-3 12
+1 24
cfn=(226)
calls=4 681 
* 32
* 8
+14 12
+1 32
+1 32
cfn=(226)
calls=4 681 
* 32
* 8
+9 12
+1 8

fl=(74)
fn=(266)
362 6
+4 5
-2 2
+4 42
cfn=(268) _dl_check_map_versions
calls=7 156 
* 19357
-2 7
+2 21
-1 7
-1 14
+5 7

fn=(268)
156 56
+15 7
-15 14
+15 14
+2 35
+2 7
+1 7
-1 7
+1 7
+2 14
+3 10
-16 5
-8 5
+28 5
-4 5
+4 10
+16 5
37 5
201 5
37 5
201 5
37 25
201 6
37 6
201 6
37 6
201 6
37 30
+1 51
-1 102
+2 186
cfi=(54)
cfn=(190)
calls=62 +29 
* 5546
* 124
209 33
+5 11
-71 22
+71 33
+8 11
-2 11
-2 22
+4 11
-4 66
+4 29
-2 29
-2 58
+4 29
-4 239
57 160
+8 120
+6 120
+16 40
+1 80
+2 40
+5 360
+14 1234
+12 1731
+4 577
-30 1154
225 160
+3 120
+5 29
-11 29
111 40
+3 160
cfi=(31)
cfn=(96)
calls=40 -5 
* 1662
* 171
237 44
+5 12
-43 6
+52 10
+3 20
+10 112
-7 448
+3 336
-3 20
+3 15
+8 12
+6 6
fi=(27)
44 6
fe=(74)
274 6
fi=(27)
44 6
cfi=(7)
cfn=(76)
calls=6 171 
* 216
fe=(74)
273 6
fi=(27)
44 6
fe=(74)
275 12
+13 6
-3 6
+3 24
+2 18
+3 20
+4 33
+18 29
-15 29
+2 29
-2 29
+2 29
-2 29
+2 58
-2 11
+2 11
-2 11
+2 11
-2 11
+2 22
+2 40
+1 40
-1 120
+1 40
+1 40
-2 40
+2 80
+1 120
+3 120
+8 33
+5 6
-28 6
+33 18
+3 20
+20 112
-14 234
-2 112
+6 112
+1 112
+1 112
-1 336
+1 112
-1 112
+1 112
+1 112
+3 351
+10 63
165 2
+86 2
-94 2
+94 3

fl=(52)
fn=(178) _dl_catch_error
225 10
+2 2
cob=(2)
cfi=(51)
cfn=(180) 0x0000000004002050
calls=1 0 
* 2759
+1 2
+1 1
+1 1
-1 1
+1 1
+2 5

fn=(182) _dl_catch_exception
175 39
+5 13
-5 39
+5 13
-2 26
+21 13
+7 26
-7 13
+1 26
+3 26
+3 13
cfi=(53) /usr/src/debug/glibc-2.34-60.el9_2.7.x86_64/setjmp/../sysdeps/x86_64/setjmp.S
cfn=(184) __sigsetjmp
calls=13 30 
* 312
* 52
+2 39
cfi=(65)
cfn=(224) openaux
calls=12 61 
* 66588
cfi=(2)
cfn=(186)
calls=1 654 
* 2697
+2 13
-1 13
+1 13
-1 13
+1 26
+9 52

fn=(262)
238 6
+1 1
+1 1
+3 1
+1 1
+2 1
cfi=(2)
cfn=(264)
calls=1 687 
* 19479
+2 1
+1 1
+1 4

fl=(13) /usr/src/debug/glibc-2.34-60.el9_2.7.x86_64/elf/dl-sort-maps.c
fn=(260) dfs_traversal.part.0
140 56
+10 7
-2 7
+2 14
+2 20
+3 26
-3 52
+9 14
+15 21
+1 7
+1 42

fn=(258) _dl_sort_maps
304 12
+8 1
-8 1
+8 2
+4 8
187 2
+29 1
-28 1
-2 1
+30 1
-29 1
+1 4
+1 1
-1 1
+1 1
-1 2
+1 6
-1 6
+1 6
-1 12
+28 15
+8 3
-3 5
+3 2
-8 1
+8 1
-1 1
+1 3
+2 18
+2 7
-83 35
cfn=(260)
calls=7 -5 
* 266
+86 14
+18 4
+13 1
+54 1
-47 4
cfi=(28)
cfn=(84)
calls=1 -51 
* 19
+13 5

fn=(26) _dl_sort_maps_init
295 2
+1 4
cfi=(11)
cfn=(28)
calls=1 406 
* 20
+2 3
-1 1
+2 2

fl=(67)
fn=(454)
527 1
+1 4
-1 1
+3 2
cfi=(70)
cfn=(456) munmap
calls=1 117 
* 6
+1 1
+4 1
+2 2

fn=(238) search_cache
203 40
+2 4
-2 12
fi=(69) /usr/src/debug/glibc-2.34-60.el9_2.7.x86_64/elf/../sysdeps/x86/dl-procinfo.h
39 8
+3 12
cfi=(31)
cfn=(96)
calls=4 +67 
* 284
* 16
fe=(67)
208 20
cfi=(11)
cfn=(28)
calls=4 406 
* 84
* 8
+2 8
+10 8
+3 4
-10 12
352 16
220 32
+2 76
+1 38
-32 76
+32 38
+4 76
+4 114
cfn=(242) _dl_cache_libcmp
calls=38 360 
* 2996
+1 76
349 34
+1 18
220 36
356 40
222 44
+20 8
+3 8
+2 16
cfn=(242)
calls=4 360 
* 320
* 8
-7 8
-30 12
+1 12
-1 32
+94 16
-45 8
+10 8
+1 12
+7 8
fi=(68) /usr/src/debug/glibc-2.34-60.el9_2.7.x86_64/elf/../sysdeps/generic/dl-cache.h
125 20
fe=(67)
286 8
+9 8
+3 8
+2 12
+4 8
+1 16
+7 8
+21 8
+2 4
-34 8

fn=(232)
406 24
+2 8
+3 12
+69 9
+5 12
+3 20
cfn=(238)
calls=4 203 
* 4814
* 4
+15 8
+4 8
+8 8
cfi=(22)
cfn=(64)
calls=4 45 
* 140
* 52
+1 8
-1 4
+1 4
cfi=(28)
cfn=(84)
calls=4 218 
* 44
* 4
+1 4
cfi=(45)
cfn=(152)
calls=4 40 
* 356
+1 12
-3 8
414 5
cfi=(54)
cfn=(234) _dl_sysdep_read_whole_file
calls=1 36 
* 91
* 1
+8 6
+1 8
+3 4
+1 1
-1 3
fi=(68)
194 1
+1 5
fe=(67)
434 1
+1 2

fn=(242)
360 84
+1 138
+4 223
-2 223
+2 223
-2 446
+20 438
+2 438
-24 181
+28 181
+1 181
-29 362
+32 12
-28 8
+8 4
-2 8
+1 8
+1 8
-2 4
+2 4
+2 12
-3 4
+3 4

ob=(8)
fl=(90)
fn=(944) __cpu_indicator_init
0 52
cfn=(946) get_available_features.constprop.0
calls=1 0 
0 415
0 22

fn=(956) _GLOBAL__sub_I_main
0 3
cob=(7)
cfi=(89)
cfn=(972)
calls=1 0 
0 47771
cob=(1)
cfi=(91)
cfn=(964)
calls=1 67 
0 837
0 5
0 5
cob=(3)
cfi=(79)
cfn=(760) __cxa_atexit
calls=1 0 
0 79
cob=(1)
cfi=(91)
cfn=(964)
calls=1 67 
0 944
0 5

fn=(950) 0x00000000004066c0
0 12

fn=(1432) mapper_speed::IndexView::close()
0 30

fn=(1454) std::vector<mapper_speed::ChromosomeRecord, std::allocator<mapper_speed::ChromosomeRecord> >::reserve(unsigned long)
0 28
cob=(7)
cfi=(89)
cfn=(1410)
calls=1 0 
0 202
cob=(1)
cfi=(91)
cfn=(964)
calls=1 67 
0 623
0 5
0 23

fn=(946)
0 220

ob=(1)
fl=(67)
fn=(242)
377 8
+9 114

fl=(9)
fn=(18) _dl_sysdep_parse_arguments
78 1
+2 1
-2 6
+1 1
+1 1
-1 1
+2 2
+2 1
-2 1
+2 2
-1 1
+1 2
-1 182
+1 364
+7 2
-4 1
+4 54
fi=(10) /usr/src/debug/glibc-2.34-60.el9_2.7.x86_64/elf/../sysdeps/unix/sysv/linux/dl-parse_auxv.h
-49 1
-9 1
fe=(9)
+54 1
fi=(10)
-54 1
+1 1
+1 1
+7 3
+1 40
+1 40
-2 80
fe=(9)
+52 1
+1 1
+1 1
fi=(10)
-50 1
+1 1
+1 1
+1 1
+1 1
+1 1
+1 1
+1 1
+1 1
+1 1
-9 1
+4 1
+1 1
-3 1
+1 1
+3 1
+2 1
+1 1
-8 1
+6 1
fe=(9)
+42 1
-1 1
+2 1
+1 7

fn=(106)
258 5
+2 3
+85 5
-45 2
cfi=(35)
cfn=(108)
calls=1 120 
* 6
+15 1
-15 2
+20 1
-1 1
+3 12
+4 3
-2 6
+2 10
+3 1
-1 1
+1 3
-3 4
+7 3
-1 3
+4 3
-2 3
+2 10
+5 2

fn=(16)
102 4
+1 1
+3 2
cfn=(18)
calls=1 -28 
* 825
+4 2
cfi=(11)
cfn=(22) __GI___tunables_init
calls=1 283 
* 97713
+3 1
cfi=(13)
cfn=(26)
calls=1 295 
* 32
+2 2
cfi=(14) /usr/src/debug/glibc-2.34-60.el9_2.7.x86_64/elf/../sysdeps/unix/sysv/linux/brk.c
cfn=(30) brk
calls=1 -79 
* 8
fi=(6)
223 1
cfi=(15)
cfn=(34) _dl_x86_init_cpu_features
calls=1 37 
* 7216
fe=(9)
122 3
+1 1
cfi=(22)
cfn=(64)
calls=1 -78 
* 17
* 1
+2 2
cfi=(23)
cfn=(66)
calls=1 -88 
* 15
* 3
+12 3
+3 5
cfi=(2)
cfn=(68)
calls=1 1185 
* 3195184
+3 4

fn=(450)
147 1
+1 1

fl=(83)
fn=(428)
30 2
+10 3
-10 1
+10 2
-10 1
+7 1
+3 2
cfi=(84) /usr/src/debug/glibc-2.34-60.el9_2.7.x86_64/elf/dl-lookup-direct.c
cfn=(430) _dl_lookup_direct
calls=1 +34 
* 263
+4 2
+1 8
+2 3
-2 1
+2 3
cfi=(84)
cfn=(430)
calls=1 +27 
* 279
+4 2
+1 6
+1 2
-1 1
+1 2

fl=(72) /usr/src/debug/glibc-2.34-60.el9_2.7.x86_64/malloc/scratch_buffer_set_array_size.c
fn=(252) __libc_scratch_buffer_set_array_size
30 50
+4 5
+1 10
+11 5
-1 10
+18 20

fl=(49)
fn=(452)
40 1
+4 4
+2 3
+4 1

fn=(218)
76 5
+1 20

fn=(168)
28 8
+2 1
-1 1
+1 2
+6 8

fn=(1360) _dl_audit_preinit
117 1
+1 4

fl=(70)
fn=(246)
117 50
+5 10

fn=(456)
117 5
+5 1

fl=(14)
fn=(30)
36 1
fi=(95) /usr/src/debug/glibc-2.34-60.el9_2.7.x86_64/elf/../sysdeps/unix/sysv/linux/brk_call.h
-12 2
fe=(14)
+13 1
+1 2
+6 1
+1 1

fl=(42)
fn=(130)
23 5
+5 5
+1 5
+1 5
+1 5
+1 5
+1 5
+1 5
+1 5
+3 1
+1 1
+1 1
+1 1
+1 1
+1 1
+1 1
+1 1
+1 1
+2 1
+1 1
+9 1
+1 1
+9 1
+1 1
+1 1
+1 1
+1 1
+1 1
+23 4
+2 4
+4 1
+1 1
+1 1
+1 1
+1 1
+1 1
+1 1
+1 1
+1 1
+1 1
+1 1
+1 1
+1 1
+18 4
+1 4
+1 4
+2 4
+1 4
+12 4
+1 4
250 4
+1 4
+1 4
+1 4
+1 4
+4 4
+1 4
+1 4
+1 4
+1 4
+1 4
+2 3
+1 3
+1 3
+1 3
+1 3
+1 3
+1 3
+1 3
+3 4
+1 4
+1 4
+1 4
+2 1
+1 1
+1 1
+1 1
+1 1
+1 1
+2 1
+1 1
+1 1
+1 1
+1 1
+4 3
+1 3
+3 3
+1 3
+1 3
+1 3
+1 3
+1 3
+2 3
+1 3
+1 3
+1 3
+1 3
+1 3
+2 3
+1 3
+1 3
+1 3
+1 3
+1 1
+2 1
+1 1
+1 1
+1 1
+1 1

fl=(84)
fn=(432) check_match
31 21
+1 3
-1 6
+1 9
+1 9
+2 6
+1 6
+12 9
+3 6
+2 9
cfi=(31)
cfn=(96)
calls=3 +56 
* 232
* 6
+4 6
+1 18
+1 9
cfi=(31)
cfn=(96)
calls=3 +50 
* 171
+5 6
-24 6
+24 6
-24 3
+24 9

fn=(430)
74 36
+1 3
+3 3
-2 6
+2 9
+37 3
-37 9
+1 6
+2 12
+3 25
+2 6
+1 6
-1 3
+1 12
cfn=(432)
calls=3 -56 
* 556
+3 6
-3 3
+3 3
+3 6
+23 27

fl=(25)
fn=(72)
28 3
+1 3
+3 191
+13 181
-13 362
+2 366
+1 32
+5 2
-3 2
+3 2
+2 2
+7 1

fl=(47)
fn=(160)
46 7
+3 14
+5 12
+5 1
-1 1
+1 3
+1 2
-1 1
+5 1
-14 7
+4 14
+3 1
+1 8

fn=(166)
73 2
+1 2

fl=(7)
fn=(12)
55 1
+1 2
+1 2
+1 2
+1 2
+1 1

fn=(146)
345 19
+3 57
+2 19
+1 38
+4 3723
+7 9600
-2 4834
+6 34
+7 17
+4 34
-4 1
+4 4
-22 1200
+15 1200
-15 2402

fn=(76)
171 17
+4 17
-4 68
+7 17
+1 51
fi=(27)
56 17
cfi=(7)
cfn=(80)
calls=17 +72 
* 460
fe=(7)

fn=(424) lookup_malloc_symbol
74 8
+3 4
-3 16
+3 4
-3 4
+3 8
-1 4
+1 12
cfi=(78)
cfn=(296)
calls=4 835 
* 2952
+4 28
+1 28
+2 4
fi=(82) /usr/src/debug/glibc-2.34-60.el9_2.7.x86_64/elf/./dl-sym-post.h
-43 8
+12 12
+7 4
fe=(7)
+25 20

fn=(80)
128 375
+1 75
+11 75
-11 150
+11 150
+3 75
-3 75
+3 438
+18 75
+1 75
+2 300
-16 12
+1 6
+2 3
+1 21
cfi=(46)
cfn=(158)
calls=3 48 
* 27
* 3
+2 6
+2 6
+2 3
+4 3
-4 6
-23 1
-1 1
+1 1
+1 2
-2 2

fn=(156)
188 25
+2 100

fn=(420)
89 2
+11 1
fi=(81) /usr/src/debug/glibc-2.34-60.el9_2.7.x86_64/elf/../sysdeps/generic/dl-hash.h
-55 1
fe=(7)
+54 1
-10 1
fi=(81)
-45 1
fe=(7)
+45 5
+11 1
-1 1
fi=(81)
-56 1
+5 3
+14 4
-17 2
+3 15
+14 20
-17 25
fe=(7)
+59 2
fi=(81)
-37 1
fe=(7)
+35 1
+2 2
fi=(81)
-32 1
fe=(7)
+32 1
cfn=(424)
calls=1 -30 
* 758
+1 3
-1 1
+1 1
cfn=(424)
calls=1 -31 
* 783
+1 3
-1 1
+1 1
cfn=(424)
calls=1 -32 
* 834
+1 3
-1 1
+1 1
cfn=(424)
calls=1 -33 
* 741
+5 1
+1 1
+1 1
+1 1
+1 7

fl=(53)
fn=(184)
30 13
+2 13
+9 13
+1 26
+1 13
+4 13
+1 13
+1 13
+1 13
+1 13
+2 26
+2 13
+1 13
+1 13
+2 26
+2 13
+8 13
+3 13
+1 13
+7 13
+1 13

fl=(48)
fn=(248)
131 4
+3 2
+13 2
-13 2
+52 2
+2 2
+3 2
+1 4

fn=(276)
422 5
+2 1
+11 1
+1 1
fi=(27)
56 1
cfi=(7)
cfn=(80)
calls=1 +72 
* 53
fe=(48)
437 3
+8 4
+1 1
+4 321
+19 1
+2 2
cfn=(278) allocate_dtv
calls=1 365 
* 55
+1 2
+3 5

fn=(418)
528 10
+1 2
+4 1
+6 1
-6 1
+6 1
cfi=(24)
cfn=(90)
calls=1 42 
* 3
+3 3
+12 1
-18 1
-1 4
+24 12
+9 6
+1 4
+6 6
+1 2
+2 2
-2 2
+6 2
-4 4
+4 2
-4 4
+1 2
+2 4
+4 4
+1 8
+2 4
+1 4
+17 2
-8 2
+8 2
+2 6
cfi=(28)
cfn=(138)
calls=2 205 
* 26
* 10
cfi=(44)
cfn=(142)
calls=2 140 
* 38
+6 2
-55 8
+6 7
+55 2
cfi=(24)
cfn=(90)
calls=1 42 
* 3
+3 2
+3 9

fn=(164)
197 1
+2 2
+1 1
+15 2

fn=(274)
221 8
+6 3
+3 2
+36 3
+2 1
-2 1
-2 1
-40 1
-1 1
-1 1
+46 2
+23 6
+3 2
-3 8
+2 4
-2 2
-25 2
+20 2
-20 10
+2 4
+3 2
-1 2
+5 4
-5 2
+1 2
-1 2
+3 4
+2 6
+32 2
-1 1
+53 1
-52 4
+2 2
+51 8

fn=(272)
97 2
+4 1
-4 2
+4 1
-4 2
+4 3
cfi=(11)
cfn=(28)
calls=1 406 
* 21
* 1
+1 4
cfi=(11)
cfn=(28)
calls=1 406 
* 21
* 1
+8 1
-8 1
+6 2
+2 3
+3 1
+2 1
-32 3
+34 3
+1 5

fn=(378)
1015 16
+6 2
+3 2
+1 2
+4 6
+34 4
+3 6
+1 6
+3 12

fn=(278)
365 1
fi=(27)
44 1
fe=(48)
365 3
+5 1
+4 1
+1 1
fi=(27)
44 1
cfi=(7)
cfn=(76)
calls=1 171 
* 36
fe=(48)
376 2
+3 1
+6 3
+6 4

fl=(85)
fn=(436)
27 1
+2 2
-2 1
+6 3
-6 1
+6 3
-6 1
+6 1
cfi=(84)
cfn=(430)
calls=1 +41 
* 198
+4 2
+2 4
+2 1
-1 1
+1 2
-1 1
cob=(3)
cfi=(79)
cfn=(438) __libc_early_init
calls=1 -40 
* 290

fl=(65)
fn=(224)
61 36
+7 12
-4 24
+1 12
-1 96
cfi=(30)
cfn=(188)
calls=12 1999 
* 66372
* 12
+5 24

fn=(222)
159 3
+1 2
-1 1
+1 1
-1 2
+1 1
-1 1
+1 1
-1 4
+1 3
-1 2
+1 1
-1 1
+1 6
-15 1
+15 2
-8 1
-6 1
-1 1
+15 1
-16 1
+8 3
-6 1
+6 1
+24 3
-28 3
-2 1
+31 1
-33 2
+2 2
+30 2
-30 1
-1 1
+1 1
+6 4
+24 2
-32 1
+60 1
-60 2
+36 1
+20 1
fi=(73) /usr/src/debug/glibc-2.34-60.el9_2.7.x86_64/elf/../include/scratch_buffer.h
78 1
fe=(65)
180 1
fi=(73)
77 3
fe=(65)
198 1
298 1
198 1
+2 1
+9 2
+4 4
-4 12
+4 24
+11 18
-18 2
+18 4
433 21
+2 5
+3 5
-3 10
+3 5
fi=(27)
56 5
cfi=(7)
cfn=(80)
calls=5 +72 
* 125
* 5
fe=(65)
439 10
+6 5
+1 25
cfi=(28)
cfn=(84)
calls=5 218 
* 63
+1 25
cfi=(28)
cfn=(84)
calls=5 218 
* 63
+4 5
-1 5
+5 28
204 18
458 18
-1 7
+1 14
199 3
+27 25
+5 5
+6 5
-5 5
-1 5
+2 10
+1 10
+3 20
-31 5
+31 5
+1 15
+6 20
cfi=(30)
cfn=(150)
calls=5 -7 
* 234
* 28
cfi=(30)
cfn=(150)
calls=7 -7 
* 342
* 36
+4 24
-2 12
+2 24
cob=(2)
cfi=(51)
cfn=(180)
calls=12 0 
* 67332
+1 24
+9 12
+2 24
+5 25
+6 5
+2 5
-8 10
+3 5
+1 5
+1 5
+1 5
+4 25
+4 36
+1 24
-43 560
+1 270
+44 384
-38 24
fi=(73)
85 3
fe=(65)
464 6
+1 1
+3 5
+11 3
fi=(27)
56 1
cfi=(7)
cfn=(80)
calls=1 +72 
* 25
* 1
fe=(65)
481 2
+5 2
+4 1
-2 2
-2 1
+1 1
-1 2
+4 1
+4 21
+7 7
-2 7
+2 7
-2 7
+2 7
+5 7
-16 21
+19 3
+52 4
+37 3
+4 1
+11 2
-11 1
-3 2
+20 1
-1 2
+1 3
-1 6
cfi=(13)
cfn=(258)
calls=1 304 
* 475
+5 1
+2 1
+1 1
-1 1
+2 2
+7 3
+3 2
+3 8
214 46
+3 5
fi=(73)
-86 15
cfi=(72)
cfn=(252)
calls=5 30 
* 100
fe=(65)
+86 10
+4 15
613 2
cfi=(28)
cfn=(84)
calls=1 218 
* 19
* 1
160 2
380 12

fl=(38)
fn=(116)
29 1
fi=(18) /usr/src/debug/glibc-2.34-60.el9_2.7.x86_64/elf/../sysdeps/x86/get-isa-level.h
+2 1
fe=(38)
+7 1
fi=(18)
-7 2
-1 2
fe=(38)
+22 1
fi=(18)
-20 3
+4 1
fe=(38)
+2 1
fi=(18)
-2 2
+3 4
+1 4
+5 1
fe=(38)
-7 1
fi=(18)
+7 3
fe=(38)
-2 1
fi=(18)
+5 2
+3 5
+2 4
+1 2
+1 2
+6 1
fe=(38)
-13 1
fi=(18)
+13 1
-3 2
fe=(38)

fl=(86)
fn=(460)
77 12
+1 1
+1 1
+3 3
+8 2
+25 1
+1 5
+1 5
-1 1
+1 1
cfn=(462) call_init
calls=1 -90 
* 35
* 30
-1 6
+1 6
cfn=(462)
calls=6 -90 
* 3818
-1 14
+7 8
-39 1
cfn=(462)
calls=1 -57 
* 78
+1 2

fn=(462)
27 64
+4 8
-4 8
+4 24
+2 24
+9 7
-3 14
+3 14
+5 12
+8 18
+1 24
cob=(2)
cfi=(51)
cfn=(740) 0x00000000048e7000
calls=1 -56 
* 7
cob=(2)
cfi=(51)
cfn=(730) 0x0000000004a82000
calls=1 -56 
* 7
cob=(2)
cfi=(51)
cfn=(484) 0x0000000004b53000
calls=1 -56 
* 7
cob=(2)
cfi=(51)
cfn=(464) 0x000000000483b000
calls=1 -56 
* 7
+3 6
+1 12
+6 10
+2 10
-2 5
+3 45
+1 60
cob=(7)
cfi=(89)
cfn=(928)
calls=1 -70 
* 259
cob=(7)
cfi=(89)
cfn=(902)
calls=1 -70 
* 50
cob=(7)
cfi=(89)
cfn=(876)
calls=1 -70 
* 50
cob=(7)
cfi=(89)
cfn=(858)
calls=1 -70 
* 34
cob=(7)
cfi=(89)
cfn=(840)
calls=1 -70 
* 34
cob=(7)
cfi=(89)
cfn=(838)
calls=1 -70 
* 86
cob=(7)
cfi=(89)
cfn=(834)
calls=1 -70 
* 174
cob=(7)
cfi=(89)
cfn=(832)
calls=1 -70 
* 86
cob=(7)
cfi=(89)
cfn=(830)
calls=1 -70 
* 52
cob=(7)
cfi=(89)
cfn=(804)
calls=1 -70 
* 74
cob=(7)
cfi=(89)
cfn=(778)
calls=1 -70 
* 1656
cob=(7)
cfi=(89)
cfn=(770)
calls=1 -70 
* 12
cob=(7)
cfi=(89)
cfn=(750)
calls=1 -70 
* 200
cob=(6) /usr/lib64/libgcc_s-11-20221121.so.1
cfi=(88) ???
cfn=(724) 0x0000000000004730
calls=1 -70 
* 12
cob=(3)
cfi=(79)
cfn=(482) check_stdfiles_vtables
calls=1 -70 
* 12
* 20
cob=(7)
cfi=(89)
cfn=(744)
calls=1 -70 
* 12
cob=(4)
cfi=(80)
cfn=(734) 0x000000000000d450
calls=1 -70 
* 12
cob=(6)
cfi=(88)
cfn=(488) __cpu_indicator_init
calls=1 -70 
* 506
cob=(3)
cfi=(79)
cfn=(474) _init_first
calls=1 -70 
* 75
cob=(5)
cfi=(87)
cfn=(468)
calls=1 -70 
* 12
-1 60
+3 48
-29 2

fl=(59)
fn=(206)
149 372
-62 372
+77 394
+1 22
-2 328
+1 328

fl=(16) /usr/src/debug/glibc-2.34-60.el9_2.7.x86_64/elf/../sysdeps/x86/cpu-features.c
fn=(36) init_cpu_features.constprop.0
399 1
+16 1
-16 6
+3 1
+1 1
+1 1
+11 2
+3 6
687 3
+1 1
+3 2
+1 1
+6 1
+1 1
+1 1
+1 1
fi=(19) /usr/src/debug/glibc-2.34-60.el9_2.7.x86_64/elf/../sysdeps/x86/dl-cacheinfo.h
+5 1
+2 1
+14 2
841 1
+4 1
+6 1
-5 1
-6 1
+1 1
+1 1
+3 1
+29 1
-32 1
+1 1
+3 1
-3 1
+1 1
+4 1
-4 1
+3 1
+2 1
-2 1
+3 1
+23 2
+26 2
+8 2
-8 1
+8 3
cfi=(11)
cfn=(28)
calls=1 406 
* 21
* 1
+5 2
-3 2
+3 2
cfi=(11)
cfn=(28)
calls=1 406 
* 21
* 1
+5 2
-3 2
+3 1
+15 1
-18 1
+3 1
cfi=(11)
cfn=(28)
calls=1 406 
* 21
* 1
+5 2
-3 2
+3 2
cfi=(11)
cfn=(28)
calls=1 406 
* 21
+2 1
+5 1
-7 1
+7 1
-5 3
+5 2
cfi=(11)
cfn=(28)
calls=1 406 
* 21
+3 3
-3 1
+3 3
-3 1
+3 2
cfi=(11)
cfn=(56) __GI___tunable_set_val
calls=1 158 
* 45
+1 9
cfi=(11)
cfn=(56)
calls=1 158 
* 45
+7 9
cfi=(11)
cfn=(56)
calls=1 158 
* 45
+2 10
cfi=(11)
cfn=(56)
calls=1 158 
* 45
+2 9
cfi=(11)
cfn=(56)
calls=1 158 
* 45
+10 1
+10 1
-2 1
-8 1
+7 1
fe=(16)
706 2
fi=(19)
954 1
fe=(16)
706 1
fi=(19)
963 1
+1 1
-4 1
+1 1
+2 1
+2 1
fe=(16)
706 1
cfi=(11)
cfn=(28)
calls=1 406 
* 19
+4 3
+14 1
-1 2
+1 3
+47 1
-1 1
+1 1
+46 4
cfi=(11)
cfn=(28)
calls=1 406 
* 19
+2 4
cfi=(11)
cfn=(28)
calls=1 406 
* 19
fi=(21) /usr/src/debug/glibc-2.34-60.el9_2.7.x86_64/elf/../sysdeps/unix/sysv/linux/x86/cpu-features.c
27 6
fe=(16)
829 2
+45 8
fi=(19)
+7 10
fe=(16)
775 3
+27 2
-10 2
+1 3
+2 3
+1 2
+2 3
+1 2
fi=(19)
-75 2
cfn=(48) handle_intel.constprop.0
calls=1 255 
* 445
+1 1
-1 1
+1 1
cfn=(48)
calls=1 255 
* 483
+1 1
-1 2
+1 1
cfn=(48)
calls=1 255 
* 508
+3 1
-3 2
+3 1
cfn=(48)
calls=1 255 
* 464
+2 1
-2 1
+2 1
cfn=(48)
calls=1 255 
* 456
+3 1
-2 1
-1 1
+3 1
cfn=(48)
calls=1 255 
* 436
+2 1
-2 1
+2 1
cfn=(48)
calls=1 255 
* 437
+3 1
-2 1
-1 1
+3 1
cfn=(48)
calls=1 255 
* 474
+2 1
-2 1
+2 1
cfn=(48)
calls=1 255 
* 475
+3 1
-3 1
+3 1
cfn=(48)
calls=1 255 
* 499
+2 1
-2 1
+2 1
cfn=(48)
calls=1 255 
* 500
+2 1
-2 1
+2 1
cfn=(48)
calls=1 255 
* 799
+2 3
-2 1
+2 1
cfn=(54) get_common_cache_info.constprop.0
calls=1 481 
* 218
863 11
fe=(16)
424 6
cfn=(38) get_common_indices.constprop.0
calls=1 -99 
* 71
303 3
+1 2
+1 6
+5 2
+1 6
+5 2
+1 6
429 1
cfn=(42) update_active.constprop.0
calls=1 43 
* 187
+2 1
+2 1
+83 1
-85 2
564 2
+7 2
+2 1
+4 2
+6 2
422 2
-3 1
+14 4
+1 4
+69 1
+10 11
+42 1
+1 1
434 11
+55 3

fn=(38)
325 1
+4 4
+3 3
+5 2
-5 1
+5 1
-5 1
+4 1
+1 1
+1 4
+1 4
+1 3
+1 2
+7 2
+2 5
+5 1
-5 1
+5 1
-5 1
+5 1
-5 2
+5 1
+7 1
-7 4
+7 1
+1 3
+6 1
-6 4
+6 1
fi=(17) /usr/src/debug/glibc-2.34-60.el9_2.7.x86_64/elf/../sysdeps/unix/sysv/linux/x86/dl-minsigstacksize.h
24 2
+3 2
+1 2
+37 3
+7 1
+2 1
fe=(16)
384 2

fn=(42)
43 7
+4 1
+28 1
-18 1
+9 1
-10 1
-1 1
+25 1
-4 1
-20 1
+9 1
+11 1
-2 1
-19 2
+25 1
-15 1
-9 1
+9 1
+11 1
+25 1
-21 1
+8 1
-4 1
-10 1
-9 1
+9 1
+27 1
+4 1
-17 1
+4 1
+1 1
+8 1
-9 1
-12 1
+24 1
-12 1
+1 2
+1 1
-2 1
+2 2
+1 1
+2 1
-2 1
+2 3
+1 3
+3 2
+3 1
+1 1
-1 1
+1 1
-1 1
-3 1
+4 1
+4 2
+4 2
+2 4
+96 1
-1 2
+4 3
+4 1
-4 1
+4 1
+67 3
+4 3
fi=(18)
31 1
-3 1
+3 1
-1 2
fe=(16)
296 1
+1 8
-75 3
+1 2
+3 1
-1 1
+9 1
-5 1
+2 1
-2 1
+5 1
fi=(18)
32 3
fe=(16)

ob=(8)
fl=(90)
fn=(946)
0 21
cfn=(948) set_cpu_feature.part.0.constprop.0
calls=1 0 
0 10
0 3
cfn=(948)
calls=1 0 
0 10
0 3
cfn=(948)
calls=1 0 
0 10
0 3
cfn=(948)
calls=1 0 
0 10
0 3
cfn=(948)
calls=1 0 
0 10
0 3
cfn=(948)
calls=1 0 
0 10
0 3
cfn=(948)
calls=1 0 
0 10
0 10
cfn=(948)
calls=1 0 
0 10
0 3
cfn=(948)
calls=1 0 
0 10
0 3
cfn=(948)
calls=1 0 
0 10
0 3
cfn=(948)
calls=1 0 
0 10
0 3
cfn=(948)
calls=1 0 
0 10
0 3
cfn=(948)
calls=1 0 
0 10
0 1

fn=(1430) mapper_speed::IndexView::open(std::__cxx11::basic_string<char, std::char_traits<char>, std::allocator<char> > const&)
0 12
cfn=(1432)
calls=1 0 
0 30
0 4
cob=(3)
cfi=(79)
cfn=(1438) open
calls=1 0 
0 34
cob=(1)
cfi=(91)
cfn=(964)
calls=1 67 
0 823
0 5
0 16
cob=(3)
cfi=(79)
cfn=(1444) fstat
calls=1 0 
0 15
cob=(1)
cfi=(91)
cfn=(964)
calls=1 67 
0 760
0 5
0 10
cob=(3)
cfi=(79)
cfn=(1452) mmap
calls=1 0 
0 9
cob=(1)
cfi=(91)
cfn=(964)
calls=1 67 
0 888
0 5
0 41
cfn=(1454)
calls=1 0 
0 881
0 4858
cob=(7)
cfi=(89)
cfn=(1398)
calls=194 0 
0 14627
0 194
0 2328

fn=(936)
0 12
cob=(3)
cfi=(79)
cfn=(938) __libc_start_main@@GLIBC_2.34
calls=1 0 
0 84558

fn=(948)
0 130

fn=(1370) main
0 57
cob=(3)
cfi=(79)
cfn=(1088) __strlen_avx2
calls=4 0 
0 56
cob=(1)
cfi=(91)
cfn=(964)
calls=1 67 
0 856
0 8
0 44
cob=(7)
cfi=(89)
cfn=(1388)
calls=4 0 
0 276
cob=(1)
cfi=(91)
cfn=(964)
calls=1 67 
0 1200
0 8
0 19
cob=(7)
cfi=(89)
cfn=(1388)
calls=3 0 
0 208
0 3
0 14
cob=(7)
cfi=(89)
cfn=(1388)
calls=2 0 
0 140
0 2
0 26
cob=(3)
cfi=(79)
cfn=(1382) __memcpy_avx_unaligned_erms
calls=4 0 
0 72
cob=(1)
cfi=(91)
cfn=(964)
calls=1 67 
0 1037
0 8
0 18
cob=(3)
cfi=(79)
cfn=(1088)
calls=1 0 
0 14
0 1
0 6
cob=(7)
cfi=(89)
cfn=(1398)
calls=1 0 
0 354
cob=(1)
cfi=(91)
cfn=(964)
calls=1 67 
0 1255
0 5
0 41
cob=(3)
cfi=(79)
cfn=(1088)
calls=1 0 
0 26
0 1
0 6
cob=(7)
cfi=(89)
cfn=(1398)
calls=1 0 
0 351
0 1
0 4
cob=(7)
cfi=(89)
cfn=(1388)
calls=1 0 
0 72
0 1
0 13
cob=(3)
cfi=(79)
cfn=(1088)
calls=1 0 
0 14
0 1
0 14
cob=(3)
cfi=(79)
cfn=(1418) __errno_location
calls=1 0 
0 4
cob=(1)
cfi=(91)
cfn=(964)
calls=1 67 
0 956
0 5
0 8
cob=(3)
cfi=(79)
cfn=(1424) strtol
calls=1 0 
0 109
cob=(1)
cfi=(91)
cfn=(964)
calls=1 67 
0 854
0 5
0 24
cob=(3)
cfi=(79)
cfn=(1088)
calls=1 0 
0 22
0 1
0 6
cob=(7)
cfi=(89)
cfn=(1398)
calls=1 0 
0 351
0 1
0 1

ob=(1)
fl=(16)
fn=(42)
fi=(18)
36 3
fe=(16)
+83 2
+2 1
+3 2
+10 1
+10 2
-10 1
+10 1
-10 2
+6 4
+2 4
+7 4
+49 1
+12 1
-12 2
fi=(18)
39 3
+1 4
+5 1
-7 1
+7 3
+2 1
+1 2
+3 5
+2 4
+1 2
+1 2
+6 1
-4 1
+4 1
-3 2
fe=(16)
+73 1
-5 2
+4 1

fl=(11)
fn=(58) do_tunable_update_val
100 5
+3 15
+10 5
fi=(96) /usr/src/debug/glibc-2.34-60.el9_2.7.x86_64/elf/./dl-tunable-types.h
-23 5
fe=(11)
+22 5
fi=(96)
-22 5
fe=(11)
+23 20
+1 25
fi=(12) /usr/src/debug/glibc-2.34-60.el9_2.7.x86_64/elf/dl-tunables.h
+7 10
fe=(11)
-8 5
fi=(12)
+18 5
fe=(11)
-18 5
+7 10
fi=(12)
+11 10
fe=(11)
-7 10
+7 10
+1 10
+3 5
+1 5
+1 5
+1 10

fn=(28)
406 35
+3 245
+9 35
-9 134
+9 10
+17 175
+2 35
-9 25
+1 25

fn=(56)
158 5
+1 30
+2 5
cfn=(58)
calls=5 -61 
* 185

fn=(22)
283 9
-9 9
72 554
+6 183
-3 366
+3 18619
-3 183
-3 366
358 8
82 366
+5 183
-15 183
fi=(12)
+68 183
fe=(11)
-53 549
-9 366
fi=(12)
+63 366
fe=(11)
324 732
-18 24888
+6 34404
72 1647
312 3294
fi=(12)
140 1647
+1 3294
-1 202
+1 4102
-1 1010
fe=(11)

fl=(45)
fn=(152)
40 115
+1 23
cfi=(22)
cfn=(64)
calls=23 +4 
* 1185
* 23
fi=(97) /usr/src/debug/glibc-2.34-60.el9_2.7.x86_64/string/../include/rtld-malloc.h
+15 46
cfi=(7)
cfn=(80)
calls=23 +72 
* 575
fe=(45)
-12 46
+4 23
-1 69
+1 46
-1 23
cfi=(28)
cfn=(84)
calls=23 218 
* 477

fl=(40)
fn=(128) _dl_hwcaps_contains
66 6
+1 12
+1 6
+9 6

fn=(124)
25 60
+1 45
+4 36
+4 48
+1 12
-1 24
+2 24
+5 27
cfi=(41)
cfn=(126)
calls=9 -18 
* 216
+1 18
+3 12
+2 6
-1 6
+1 24
-20 6
+20 18
-4 6
cfi=(22)
cfn=(64)
calls=3 +2 
* 51
* 3
+4 3
-1 3
+1 9

fn=(122)
51 44
+5 9
+1 27
+1 18
-4 28
cfn=(124)
calls=14 -29 
* 645
* 28
+8 10
-4 24
cfn=(128)
calls=6 +8 
* 30
* 12
+4 12

fl=(19)
fn=(48)
255 24
-5 24
+16 12
-16 72
+13 12
+1 36
-3 24
+11 60
+5 24
+2 12
+1 12
-1 12
+5 48
cfn=(50) intel_check_word.constprop.0
calls=12 123 
* 3936
+2 24
+3 60
cfn=(50)
calls=12 123 
* 1165
+2 24
+3 5
cfn=(50)
calls=1 123 
* 20
+2 2
+3 5
cfn=(50)
calls=1 123 
* 259
+2 2
-35 3
+39 3
+5 96

fn=(50)
123 78
-4 78
+10 104
-10 26
+10 52
+2 52
+71 200
-71 102
+2 63
+2 126
+8 126
+51 102
+22 51
fi=(20) /usr/src/debug/glibc-2.34-60.el9_2.7.x86_64/elf/../bits/stdlib-bsearch.h
28 51
-1 102
+8 282
-6 690
+2 690
+1 345
fe=(19)
+78 690
+3 345
fi=(20)
-76 126
fe=(19)
+88 15
246 104
-91 36
+3 36
-6 12
+3 24
+9 24
+1 24
+22 21
-32 63
+3 63
+4 64
+2 128
+2 58
+1 18
+5 11
+2 22
+6 14
+3 8
+1 12
-8 4
+2 4
+1 4
-2 4
-1 4
+2 8
-2 4
+3 4
-2 12
+2 12
-11 36
+1 24
+1 10
+11 12

fn=(54)
481 1
+16 1
-16 4
+15 1
-15 3
+26 1
-26 1
+18 1
-2 1
+1 2
+12 2
-5 1
+16 1
+5 3
+4 2
681 4
+1 5
+4 2
+9 2
-2 1
+2 2
-1 1
+1 3
535 6
+3 5
+6 2
-6 9
+6 6
+4 6
+14 2
+4 1
+3 1
+1 1
-4 2
+3 3
+6 8
-30 8
+3 20
+5 2
+4 1
+1 1
-1 2
+18 2
-68 5
+74 4
+8 9
+2 2
+4 3
+2 1
+2 4
-4 1
+33 1
-33 2
+21 2
-21 4
+3 1
+1 4
-4 1
+6 4
+3 2
+5 1
+2 2
+1 1
+1 1
-2 2
+1 1
-19 4
+46 2
+1 1
+1 2
+2 2
-1 3
-23 2
-7 1
+11 2
+3 1
+2 4
+1 1
+5 2

fl=(50)
fn=(172)
32 4
+1 3
+1 2
+5 6
+1 4
+1 4
+1 4
+2 1
+3 3
+1 2
-1 6
+1 4
+3 4
+1 4
+1 4
+1 4
+2 3
+6 1
-1 1
+1 1
+2 2
-1 2
+2 1
+2 6
-5 11
-1 11
+1 11
+2 22
-1 22
+2 11
+2 66
+2 1
+1 3
+1 1
-1 1
+1 2

fl=(55)
fn=(194)
34 234
+3 234
-3 702
+3 1404
+8 1638
+2 6
-2 684
+2 228

fl=(92)
fn=(966)
46 96
+2 60
+1 12
+6 12
fi=(98) /usr/src/debug/glibc-2.34-60.el9_2.7.x86_64/elf/../sysdeps/x86_64/dl-runtime.h
-27 12
fe=(92)
+21 12
+5 12
+1 12
-6 12
+6 24
+1 12
+2 12
-2 12
+2 12
-2 60
+7 24
+4 24
+4 36
+4 36
+1 48
-7 48
+16 12
-1 12
+1 24
+10 120
cfi=(78)
cfn=(296)
calls=12 835 
* 9312
* 12
+4 60
+10 120
+15 48
+9 36
+26 36
fi=(6)
+78 12
fe=(92)
-74 72
-1 24
fi=(93) /usr/src/debug/glibc-2.34-60.el9_2.7.x86_64/elf/../sysdeps/x86_64/dl-irel.h
32 2
cob=(3)
cfi=(79)
cfn=(318)
calls=1 -32 
* 22
cob=(3)
cfi=(79)
cfn=(356)
calls=1 -32 
* 25
fe=(92)
+93 4

fl=(15)
fn=(434)
71 1
-32 3
+32 2

fn=(34)
37 1
+2 3
-2 1
+4 1
cfi=(16)
cfn=(36)
calls=1 399 
* 7206
+8 2
+20 2

fl=(66)
fn=(230)
28 360
+1 720
cfi=(59)
cfn=(206)
calls=180 149 
* 1768

fl=(26)
fn=(88)
31 12
+2 6
-2 12
+2 6
-2 12
+2 6
cfi=(24)
cfn=(90)
calls=6 +9 
* 18
+2 47
+3 80
+2 5
+2 5
+4 5
+4 5
-4 10
+1 5
+4 5
-4 5
+1 5
+3 5
-3 5
+3 5
-1 5
cfi=(24)
cfn=(90)
calls=5 -8 
* 15
-4 1
+4 1
-4 2
+1 1
+4 1
-4 1
+1 1
+3 1
-3 1
+3 1
-1 1
cfi=(24)
cfn=(90)
calls=1 -8 
* 3
-5 2

fn=(74)
59 84
+3 12
+18 5
+3 5
-3 5
+3 5
cfi=(22)
cfn=(64)
calls=5 -38 
* 103
+4 10
-4 10
+9 10
fi=(27)
-48 15
cfi=(7)
cfn=(76)
calls=5 171 
* 208
fe=(26)
+48 1
fi=(27)
-48 3
cfi=(7)
cfn=(76)
calls=1 171 
* 43
* 6
fe=(26)
+51 12
+5 6
-2 6
+6 6
-4 6
+4 6
-5 6
+4 6
+1 6
-1 6
+1 12
cfi=(28)
cfn=(84)
calls=6 218 
* 77
* 12
+2 6
+13 12
+6 1
+2 7
+3 2
-3 35
+3 10
+9 6
-7 6
+4 6
+3 21
fi=(4)
1375 3
fe=(26)
139 2
+2 1
-2 2
fi=(4)
1375 45
fe=(26)
139 30
+2 15
-2 30
+16 6
-6 6
+1 6
+5 12
-6 6
+6 18
+2 10
+3 10
-3 10
+7 20
+4 10
+8 2
+3 2
+10 3
-10 10
+10 15
+2 5
+21 5
-21 5
cfi=(22)
cfn=(64)
calls=5 45 
* 175
* 15
+17 5
-13 15
+50 15
cfi=(28)
cfn=(138)
calls=5 -40 
* 73
* 5
+5 10
+1 10
-1 158
+1 158
+2 10
+3 5
+3 5
+4 54
131 17
-12 10
+34 1
+7 4
+8 20
fi=(27)
56 10
cfi=(7)
cfn=(80)
calls=5 +72 
* 125
* 5
fe=(26)
200 20
64 2
+2 3
+1 2
+10 5
-6 2

fl=(24)
fn=(280)
68 2
fi=(99) /usr/src/debug/glibc-2.34-60.el9_2.7.x86_64/elf/../include/list.h
-23 1
fe=(24)
+23 1
fi=(99)
-24 1
fe=(24)
+25 1
+3 1
fi=(99)
-28 1
+1 1
+1 1
+2 1
fe=(24)
+27 4
+1 2
+1 1
+5 2
+5 1
+6 1
-3 1
+3 1
-6 1
+2 1
+4 1
+13 3
fi=(75) /usr/src/debug/glibc-2.34-60.el9_2.7.x86_64/elf/../sysdeps/unix/sysv/linux/rseq-internal.h
-72 1
fe=(24)
+72 1
cfi=(11)
cfn=(28)
calls=1 406 
* 20
fi=(75)
-74 3
+2 6
+3 2
+3 1
fe=(24)
+83 3
+7 2
+1 3

fn=(70)
53 1
+3 3
+1 3
+1 3
+3 2
+1 1
+2 1

fn=(90)
42 258
+2 516

fl=(54)
fn=(414)
87 2
+38 2
-1 2
+3 2
+2 80
+1 37
-3 24
+18 2
+1 2
-15 6

fn=(234)
36 2
+3 1
-3 6
+3 1
-3 1
+3 1
cfi=(55)
cfn=(194)
calls=1 -5 
* 19
+1 2
+23 7
-21 4
cfi=(58)
cfn=(204)
calls=1 -13 
* 15
* 2
+2 2
+3 2
+13 2
cfi=(63)
cfn=(216)
calls=1 -35 
* 6
* 1
-11 6
cfi=(46)
cfn=(158)
calls=1 -1 
* 9
* 2

ob=(8)
fl=(90)
fn=(1370)
0 2

ob=(1)
fl=(54)
fn=(190)
68 720
+1 240
cfi=(31)
cfn=(96)
calls=120 +40 
* 3535
* 240
+3 120
+2 240
+6 117
-6 234
+1 408
cfi=(31)
cfn=(96)
calls=136 +34 
* 4409
* 272
+8 19
-13 19
+13 158
-1 101
+1 303

ob=(8)
fl=(90)
fn=(1370)
0 4
cfn=(1428) mapper_speed::IndexView::IndexView(std::__cxx11::basic_string<char, std::char_traits<char>, std::allocator<char> > const&)
calls=1 0 
0 25573
0 8

fn=(1428)
0 28
cfn=(1430)
calls=1 0 
0 25545

ob=(2)
fl=(51)
fn=(176)
0 2
cob=(1)
cfi=(52)
cfn=(178)
calls=1 225 
0 2782

fn=(740)
0 7

fn=(1012)
0 2
cob=(3)
cfi=(79)
cfn=(1014) newlocale
calls=1 0 
0 46

fn=(1098)
0 2
cob=(7)
cfi=(89)
cfn=(1100)
calls=1 0 
0 350

fn=(1106)
0 2
cob=(7)
cfi=(89)
cfn=(1108)
calls=1 0 
0 109

fn=(1110)
0 2
cob=(7)
cfi=(89)
cfn=(1112)
calls=1 0 
0 153

fn=(1342)
0 8
cob=(7)
cfi=(89)
cfn=(1344)
calls=4 0 
0 488

fn=(772)
0 2
cob=(7)
cfi=(89)
cfn=(774)
calls=1 0 
0 3

fn=(1050)
0 2
cob=(7)
cfi=(89)
cfn=(1052)
calls=1 0 
0 44

fn=(1066)
0 256
cob=(3)
cfi=(79)
cfn=(1068) wctob
calls=128 0 
0 2816

fn=(1082)
0 20
cob=(3)
cfi=(79)
cfn=(1084) wctype_l
calls=10 0 
0 3270

fn=(1094)
0 2
cob=(7)
cfi=(89)
cfn=(1096)
calls=1 0 
0 37

fn=(1182)
0 2
cob=(7)
cfi=(89)
cfn=(1184)
calls=1 0 
0 350

fn=(1286)
0 8
cob=(7)
cfi=(89)
cfn=(1288)
calls=4 0 
0 704

fn=(1330)
0 8
cob=(7)
cfi=(89)
cfn=(1332)
calls=4 0 
0 496

fn=(1408)
0 6
cob=(7)
cfi=(89)
cfn=(1410)
calls=3 0 
0 627

fn=(478) 0x0000000004b955e0
0 2
cob=(3)
cfi=(79)
cfn=(480) __strrchr_avx2
calls=1 0 
0 29

fn=(940) 0x0000000000403000
0 7

fn=(1022)
0 220
cob=(7)
cfi=(89)
cfn=(1024)
calls=110 0 
0 1092

fn=(1058)
0 2
cob=(7)
cfi=(89)
cfn=(1060)
calls=1 0 
0 21217

fn=(1086) 0x0000000004b95490
0 136
cob=(3)
cfi=(79)
cfn=(1088)
calls=68 0 
0 952

fn=(1090) 0x0000000004b95520
0 98
cob=(3)
cfi=(79)
cfn=(1092) __memcmp_avx2_movbe
calls=49 0 
0 1048

fn=(1114)
0 2
cob=(7)
cfi=(89)
cfn=(1116)
calls=1 0 
0 123

fn=(1124)
0 2
cob=(7)
cfi=(89)
cfn=(1126)
calls=1 0 
0 414

fn=(1208)
0 2
cob=(7)
cfi=(89)
cfn=(1210)
calls=1 0 
0 109

fn=(1266)
0 8
cob=(7)
cfi=(89)
cfn=(1268)
calls=4 0 
0 4028

fn=(1314)
0 8
cob=(7)
cfi=(89)
cfn=(1316)
calls=4 0 
0 496

fn=(1412)
0 372
cob=(3)
cfi=(79)
cfn=(1382)
calls=186 0 
0 2484

fn=(484)
0 7

fn=(1002)
0 28
cob=(7)
cfi=(89)
cfn=(1004)
calls=14 0 
0 370

fn=(1018)
0 64
cob=(7)
cfi=(89)
cfn=(1020)
calls=32 0 
0 12672

fn=(1172)
0 2
cob=(7)
cfi=(89)
cfn=(1174)
calls=1 0 
0 44

fn=(1230)
0 2
cob=(7)
cfi=(89)
cfn=(1232)
calls=1 0 
0 44

fn=(1254)
0 2
cob=(7)
cfi=(89)
cfn=(1256)
calls=1 0 
0 3

fn=(1300)
0 8
cob=(7)
cfi=(89)
cfn=(1302)
calls=4 0 
0 696

fn=(1310)
0 8
cob=(7)
cfi=(89)
cfn=(1312)
calls=4 0 
0 488

fn=(1346)
0 8
cob=(7)
cfi=(89)
cfn=(1348)
calls=4 0 
0 496

fn=(780)
0 10
cob=(3)
cfi=(79)
cfn=(782) malloc
calls=5 0 
0 2410

fn=(974)
0 44
cob=(7)
cfi=(89)
cfn=(976)
calls=22 0 
0 39600

fn=(1198)
0 2
cob=(7)
cfi=(89)
cfn=(1200)
calls=1 0 
0 109

fn=(1262)
0 16
cob=(7)
cfi=(89)
cfn=(1264)
calls=8 0 
0 768

fn=(1270)
0 16
cob=(7)
cfi=(89)
cfn=(1272)
calls=8 0 
0 760

fn=(1282)
0 8
cob=(7)
cfi=(89)
cfn=(1284)
calls=4 0 
0 3540

fn=(1296)
0 16
cob=(3)
cfi=(79)
cfn=(1298) __strcmp_avx2
calls=8 0 
0 160

fn=(1326)
0 8
cob=(7)
cfi=(89)
cfn=(1328)
calls=4 0 
0 3124

fn=(1400)
0 6
cob=(7)
cfi=(89)
cfn=(1402)
calls=3 0 
0 915

fn=(446) 0x0000000004b95640
0 36
cob=(1)
cfi=(11)
cfn=(28)
calls=18 406 
0 370

fn=(1008)
0 2
cob=(7)
cfi=(89)
cfn=(1010)
calls=1 0 
0 58

fn=(1030)
0 2
cob=(7)
cfi=(89)
cfn=(1032)
calls=1 0 
0 414

fn=(1038)
0 2
cob=(7)
cfi=(89)
cfn=(1040)
calls=1 0 
0 113

fn=(1042)
0 2
cob=(7)
cfi=(89)
cfn=(1044)
calls=1 0 
0 155

fn=(1070)
0 512
cob=(3)
cfi=(79)
cfn=(1072) btowc
calls=256 0 
0 11392

fn=(1140)
0 2
cob=(7)
cfi=(89)
cfn=(1142)
calls=1 0 
0 113

fn=(1274)
0 16
cob=(7)
cfi=(89)
cfn=(1276)
calls=8 0 
0 160

fn=(1290)
0 96
cob=(7)
cfi=(89)
cfn=(1292)
calls=48 0 
0 4832

fn=(1322)
0 8
cob=(7)
cfi=(89)
cfn=(1324)
calls=4 0 
0 3612

fn=(1338)
0 8
cob=(7)
cfi=(89)
cfn=(1340)
calls=4 0 
0 496

fn=(464)
0 7

fn=(730)
0 7

fn=(752)
0 4
cob=(7)
cfi=(89)
cfn=(754)
calls=2 0 
0 10

fn=(758)
0 18
cob=(3)
cfi=(79)
cfn=(760)
calls=9 0 
0 707

fn=(980)
0 44
cob=(3)
cfi=(79)
cfn=(982) pthread_once@@GLIBC_2.34
calls=22 0 
0 38962

fn=(981)
0 28
cob=(3)
cfi=(79)
cfn=(983) pthread_once@@GLIBC_2.34'2
calls=14 0 
0 216

fn=(994)
0 14
cob=(7)
cfi=(89)
cfn=(996)
calls=7 0 
0 21

fn=(998)
0 2
cob=(7)
cfi=(89)
cfn=(1000)
calls=1 0 
0 267

fn=(1026)
0 2
cob=(7)
cfi=(89)
cfn=(1028)
calls=1 0 
0 37

fn=(1102)
0 2
cob=(7)
cfi=(89)
cfn=(1104)
calls=1 0 
0 109

fn=(1118)
0 2
cob=(7)
cfi=(89)
cfn=(1120)
calls=1 0 
0 44

fn=(1150)
0 2
cob=(7)
cfi=(89)
cfn=(1152)
calls=1 0 
0 113

fn=(1304)
0 8
cob=(7)
cfi=(89)
cfn=(1306)
calls=4 0 
0 496

fn=(1318)
0 8
cob=(7)
cfi=(89)
cfn=(1320)
calls=4 0 
0 488

fn=(1358) 0x0000000004b956d0
0 2
cob=(1)
cfi=(49)
cfn=(1360)
calls=1 117 
0 5

fn=(180)
0 26
cob=(1)
cfi=(52)
cfn=(182)
calls=13 175 
0 70065

fn=(990)
0 2
cob=(7)
cfi=(89)
cfn=(992)
calls=1 0 
0 38742

fn=(1034)
0 2
cob=(7)
cfi=(89)
cfn=(1036)
calls=1 0 
0 113

fn=(1046)
0 2
cob=(7)
cfi=(89)
cfn=(1048)
calls=1 0 
0 125

fn=(1078)
0 24
cob=(7)
cfi=(89)
cfn=(1080)
calls=12 0 
0 3436

fn=(1334)
0 8
cob=(7)
cfi=(89)
cfn=(1336)
calls=4 0 
0 488

fn=(1350)
0 8
cob=(7)
cfi=(89)
cfn=(1352)
calls=4 0 
0 488

fn=(1392)
0 20
cob=(3)
cfi=(79)
cfn=(1092)
calls=10 0 
0 208

fn=(1054)
0 2
cob=(7)
cfi=(89)
cfn=(1056)
calls=1 0 
0 21258

fn=(1062)
0 4
cob=(3)
cfi=(79)
cfn=(1064) uselocale
calls=2 0 
0 44

fn=(1278)
0 16
cob=(7)
cfi=(89)
cfn=(1280)
calls=8 0 
0 64

fn=(1390)
0 20
cob=(3)
cfi=(79)
cfn=(1088)
calls=10 0 
0 140

fn=(1404)
0 6
cob=(7)
cfi=(89)
cfn=(1406)
calls=3 0 
0 673

ob=(3)
fl=(79)
fn=(304)
0 28

fn=(312)
0 19

fn=(362)
0 17

fn=(788) _int_malloc
0 748
cfn=(790) sysmalloc
calls=1 0 
0 226
0 6
cfn=(798) alloc_perturb
calls=1 0 
0 4
0 91
cfn=(798)
calls=5 0 
0 20
0 5

fn=(790)
0 85
cfn=(792) __glibc_morecore
calls=1 0 
0 57
0 36
cfn=(792)
calls=1 0 
0 28
0 20

fn=(792)
0 10
cfn=(794) sbrk
calls=2 0 
0 67
0 8

fn=(1364) _setjmp
0 3
cfn=(1366) __sigsetjmp
calls=1 0 
0 31

fn=(1424)
0 5
cfn=(1426) ____strtol_l_internal
calls=1 0 
0 104

fn=(316)
0 38

fn=(330)
0 69

fn=(346)
0 57

fn=(474)
0 19
cfn=(476) __init_misc
calls=1 0 
0 56

fn=(764) __new_exitfn
0 392

fn=(782)
0 160
cfn=(786) tcache_init.part.0
calls=1 0 
0 473
0 31
cfn=(788)
calls=5 0 
0 744
0 36
cfn=(784) ptmalloc_init.part.0
calls=1 0 
0 964
0 2

fn=(1068)
0 2816

fn=(1444)
0 7
cfn=(1446) fstatat
calls=1 0 
0 8

fn=(306)
0 50

fn=(314)
0 72

fn=(322)
0 38

fn=(356)
0 100

fn=(370)
0 22

fn=(1064)
0 44

fn=(318)
0 88

fn=(326)
0 50

fn=(340)
0 17

fn=(350)
0 25

fn=(358)
0 34

fn=(364)
0 44

fn=(366)
0 46

fn=(374)
0 23

fn=(444) __pthread_tunables_init
0 11
cob=(2)
cfi=(51)
cfn=(446)
calls=1 0 
0 22
0 4
cob=(2)
cfi=(51)
cfn=(446)
calls=1 0 
0 23
0 6

fn=(476)
0 13
cob=(2)
cfi=(51)
cfn=(478)
calls=1 0 
0 31
0 12

fn=(482)
0 12

fn=(1076) __gconv_btwoc_ascii
0 768

fn=(1418)
0 4

fn=(1426)
0 104

fn=(328)
0 17

fn=(352)
0 17

fn=(416)
0 7

fn=(784)
0 666
cob=(2)
cfi=(51)
cfn=(446)
calls=1 0 
0 23
0 4
cob=(2)
cfi=(51)
cfn=(446)
calls=1 0 
0 22
0 4
cob=(2)
cfi=(51)
cfn=(446)
calls=1 0 
0 23
0 4
cob=(2)
cfi=(51)
cfn=(446)
calls=1 0 
0 23
0 4
cob=(2)
cfi=(51)
cfn=(446)
calls=1 0 
0 22
0 4
cob=(2)
cfi=(51)
cfn=(446)
calls=1 0 
0 23
0 4
cob=(2)
cfi=(51)
cfn=(446)
calls=1 0 
0 23
0 4
cob=(2)
cfi=(51)
cfn=(446)
calls=1 0 
0 23
0 4
cob=(2)
cfi=(51)
cfn=(446)
calls=1 0 
0 23
0 4
cob=(2)
cfi=(51)
cfn=(446)
calls=1 0 
0 23
0 4
cob=(2)
cfi=(51)
cfn=(446)
calls=1 0 
0 23
0 7

fn=(796) brk
0 18

fn=(1084)
0 120
cob=(2)
cfi=(51)
cfn=(1086)
calls=10 0 
0 160
0 328
cob=(2)
cfi=(51)
cfn=(1086)
calls=48 0 
0 768
0 20
cob=(2)
cfi=(51)
cfn=(1086)
calls=10 0 
0 160
0 370
cob=(2)
cfi=(51)
cfn=(1090)
calls=49 0 
0 1146
0 198

fn=(1088)
0 1224

fn=(1438)
0 34

fn=(1446)
0 8

fn=(1452)
0 9

fn=(336)
0 7

fn=(342)
0 19

fn=(368)
0 14

fn=(938)
0 18
cfn=(760)
calls=1 0 
0 79
0 12
cob=(2)
cfi=(51)
cfn=(1358)
calls=1 0 
0 7
0 6
cfn=(1362) (below main)
calls=1 0 
0 34226
0 11
cob=(2)
cfi=(51)
cfn=(940)
calls=1 0 
0 7
0 28
cob=(8)
cfi=(90)
cfn=(956)
calls=1 0 
0 49649
cob=(8)
cfi=(90)
cfn=(950)
calls=1 0 
0 12
0 4
cob=(8)
cfi=(90)
cfn=(944)
calls=1 0 
0 489
0 10

fn=(1074) _dl_mcount_wrapper_check
0 768

fn=(1362)
0 11
cfn=(1364)
calls=1 0 
0 34
0 15
cob=(8)
cfi=(90)
cfn=(1370)
calls=1 0 
0 34166

fn=(338)
0 7

ob=(4)
fl=(80)
fn=(394)
0 8

fn=(384)
0 9

fn=(734)
0 12

fn=(386)
0 9

fn=(402)
0 9

fn=(410)
0 9

fn=(396)
0 9

fn=(398)
0 9

fn=(404)
0 8

fn=(388)
0 9

fn=(380)
0 9

fn=(390)
0 9

fn=(382)
0 9

fn=(392)
0 9

fn=(406)
0 9

fn=(400)
0 8

fn=(408)
0 9

ob=(6)
fl=(88)
fn=(510) 0x00000000000073b0
0 130

fn=(490) 0x00000000000036c0
0 134

ob=(3)
fl=(79)
fn=(354)
0 19

fn=(360)
0 44

fn=(438)
0 8
cfn=(440) __ctype_init
calls=1 0 
0 17
0 6
cfn=(442) getrlimit
calls=1 0 
0 10
0 30
cfn=(444)
calls=1 0 
0 66
0 6
cfn=(448) __lll_elision_init
calls=1 0 
0 147

fn=(798)
0 24

fn=(982)
0 131
cfn=(984) __pthread_once_slow
calls=1 0 
0 38831

fn=(983)
0 83
cfn=(985) __pthread_once_slow'2
calls=1 0 
0 133

fn=(1298)
0 160

fn=(1382)
0 2556

fn=(308)
0 7

fn=(310)
0 38

fn=(320)
0 50

fn=(332)
0 38

fn=(344)
0 44

fn=(372)
0 19

fn=(442)
0 10

fn=(448)
0 11
cob=(2)
cfi=(51)
cfn=(446)
calls=1 0 
0 22
0 4
cob=(2)
cfi=(51)
cfn=(446)
calls=1 0 
0 22
0 4
cob=(2)
cfi=(51)
cfn=(446)
calls=1 0 
0 22
0 4
cob=(2)
cfi=(51)
cfn=(446)
calls=1 0 
0 22
0 4
cob=(2)
cfi=(51)
cfn=(446)
calls=1 0 
0 22
0 10

fn=(760)
0 33
cfn=(762) __internal_atexit
calls=11 0 
0 832

fn=(762)
0 209
cfn=(764)
calls=11 0 
0 392
0 231

fn=(786)
0 14
cfn=(788)
calls=1 0 
0 356
0 3

ob=(6)
fl=(88)
fn=(490)
0 121
cfn=(510)
calls=1 0 
0 10
0 3
cfn=(510)
calls=1 0 
0 10
0 3
cfn=(510)
calls=1 0 
0 10
0 3
cfn=(510)
calls=1 0 
0 10
0 3
cfn=(510)
calls=1 0 
0 10
0 3
cfn=(510)
calls=1 0 
0 10
0 3
cfn=(510)
calls=1 0 
0 10
0 10
cfn=(510)
calls=1 0 
0 10
0 3
cfn=(510)
calls=1 0 
0 10
0 1

ob=(3)
fl=(79)
fn=(786)
0 100

fn=(984)
0 42
cfn=(986) _pthread_cleanup_push@@GLIBC_2.34
calls=1 0 
0 7
0 1
cob=(7)
cfi=(89)
cfn=(988)
calls=1 0 
0 38763
0 3
cfn=(1016) _pthread_cleanup_pop@@GLIBC_2.34
calls=1 0 
0 6
0 9

fn=(985)
0 42
cfn=(986)
calls=1 0 
0 7
0 1
cob=(7)
cfi=(89)
cfn=(1006)
calls=1 0 
0 65
0 3
cfn=(1016)
calls=1 0 
0 6
0 9

fn=(986)
0 14

fn=(1016)
0 12

fn=(1092)
0 1256

fn=(1368) __sigjmp_save
0 9

fn=(324)
0 25

fn=(334)
0 19

fn=(348)
0 25

fn=(440)
0 17

fn=(480)
0 29

fn=(794)
0 35
cfn=(796)
calls=1 0 
0 9
0 12
cfn=(796)
calls=1 0 
0 9
0 2

fn=(1014)
0 19

ob=(6)
fl=(88)
fn=(490)
0 2
cfn=(510)
calls=1 0 
0 10
0 3
cfn=(510)
calls=1 0 
0 10
0 3
cfn=(510)
calls=1 0 
0 10
0 3
cfn=(510)
calls=1 0 
0 10
0 1

fn=(488)
0 55
cfn=(490)
calls=1 0 
0 429
0 22

fn=(724)
0 9

ob=(3)
fl=(79)
fn=(1014)
0 27

fn=(1072)
0 7808
cfn=(1074)
calls=128 0 
0 768
0 1536
cfn=(1076)
calls=128 0 
0 768

ob=(6)
fl=(88)
fn=(724)
0 1

ob=(3)
fl=(79)
fn=(1072)
0 512

ob=(6)
fl=(88)
fn=(724)
0 2

ob=(3)
fl=(79)
fn=(1366)
0 22
cfn=(1368)
calls=1 0 
0 9

totals: 3391748
