==3436270== Callgrind, a call-graph generating cache profiler
==3436270== Copyright (C) 2002-2017, and GNU GPL'd, by Josef Weidendorfer et al.
==3436270== Using Valgrind-3.19.0 and LibVEX; rerun with -h for copyright info
==3436270== Command: ./profile-results-compact/valgrind-bin/mapper.portable -I ./genome.compact.idx -i ./profile-results-compact/reads_subset.fastq -o ./profile-results-compact/callgrind/mapper.sam -k 1
==3436270== 
==3436270== For interactive control, run 'callgrind_control -h'.
vex amd64->IR: unhandled instruction bytes: 0x62 0xD1 0xFD 0x38 0xD4 0x44 0x24 0x2 0x31 0xC0
vex amd64->IR:   REX=0 REX.W=0 REX.R=0 REX.X=0 REX.B=0
vex amd64->IR:   VEX=0 VEX.L=0 VEX.nVVVV=0x0 ESC=NONE
vex amd64->IR:   PFX.66=0 PFX.F2=0 PFX.F3=0
==3436270== valgrind: Unrecognised instruction at address 0x409edc.
==3436270==    at 0x409EDC: mapper_speed::IndexView::open(std::__cxx11::basic_string<char, std::char_traits<char>, std::allocator<char> > const&) (in /gpfs/home/nct/nct01032/TEB/mapper-speed/profile-results-compact/valgrind-bin/mapper.portable)
==3436270==    by 0x40A0E1: mapper_speed::IndexView::IndexView(std::__cxx11::basic_string<char, std::char_traits<char>, std::allocator<char> > const&) (in /gpfs/home/nct/nct01032/TEB/mapper-speed/profile-results-compact/valgrind-bin/mapper.portable)
==3436270==    by 0x404DBD: main (in /gpfs/home/nct/nct01032/TEB/mapper-speed/profile-results-compact/valgrind-bin/mapper.portable)
==3436270== Your program just tried to execute an instruction that Valgrind
==3436270== did not recognise.  There are two possible reasons for this.
==3436270== 1. Your program has a bug and erroneously jumped to a non-code
==3436270==    location.  If you are running Memcheck and you just saw a
==3436270==    warning about a bad jump, it's probably your program's fault.
==3436270== 2. The instruction is legitimate but Valgrind doesn't handle it,
==3436270==    i.e. it's Valgrind's fault.  If you think this is the case or
==3436270==    you are not sure, please let us know and we'll try to fix it.
==3436270== Either way, Valgrind will now raise a SIGILL signal which will
==3436270== probably kill your program.
==3436270== 
==3436270== Process terminating with default action of signal 4 (SIGILL)
==3436270==  Illegal opcode at address 0x409EDC
==3436270==    at 0x409EDC: mapper_speed::IndexView::open(std::__cxx11::basic_string<char, std::char_traits<char>, std::allocator<char> > const&) (in /gpfs/home/nct/nct01032/TEB/mapper-speed/profile-results-compact/valgrind-bin/mapper.portable)
==3436270==    by 0x40A0E1: mapper_speed::IndexView::IndexView(std::__cxx11::basic_string<char, std::char_traits<char>, std::allocator<char> > const&) (in /gpfs/home/nct/nct01032/TEB/mapper-speed/profile-results-compact/valgrind-bin/mapper.portable)
==3436270==    by 0x404DBD: main (in /gpfs/home/nct/nct01032/TEB/mapper-speed/profile-results-compact/valgrind-bin/mapper.portable)
==3436270== 
==3436270== Events    : Ir
==3436270== Collected : 3391748
==3436270== 
==3436270== I   refs:      3,391,748
./profile.sh: line 429: 3436270 Illegal instruction     env MAPPER_SPEED_MAX_SIMD="$VALGRIND_SIMD_CAP" "$@"
[profile][error] callgrind failed with illegal instruction. Try VALGRIND_SIMD_CAP=generic and VALGRIND_SAFE_BUILD=1 (defaults), or rebuild manually with 'make portable'.
